{"C:\\coding\\fullstack\\reddit-clone\\api\\src\\server.ts": {"path":"C:\\coding\\fullstack\\reddit-clone\\api\\src\\server.ts","statementMap":{"0":{"start":{"line":1,"column":0},"end":{"line":1,"column":30}},"1":{"start":{"line":2,"column":0},"end":{"line":2,"column":46}},"2":{"start":{"line":3,"column":0},"end":{"line":3,"column":28}},"3":{"start":{"line":4,"column":0},"end":{"line":4,"column":28}},"4":{"start":{"line":5,"column":0},"end":{"line":5,"column":45}},"5":{"start":{"line":6,"column":0},"end":{"line":6,"column":24}},"6":{"start":{"line":7,"column":0},"end":{"line":7,"column":32}},"7":{"start":{"line":8,"column":0},"end":{"line":8,"column":41}},"8":{"start":{"line":9,"column":0},"end":{"line":9,"column":45}},"9":{"start":{"line":10,"column":0},"end":{"line":10,"column":43}},"10":{"start":{"line":11,"column":0},"end":{"line":11,"column":51}},"11":{"start":{"line":12,"column":0},"end":{"line":12,"column":null}},"12":{"start":{"line":19,"column":0},"end":{"line":19,"column":16}},"13":{"start":{"line":21,"column":13},"end":{"line":21,"column":41}},"14":{"start":{"line":22,"column":13},"end":{"line":22,"column":29}},"15":{"start":{"line":25,"column":0},"end":{"line":25,"column":16}},"16":{"start":{"line":26,"column":0},"end":{"line":26,"column":24}},"17":{"start":{"line":27,"column":0},"end":{"line":27,"column":48}},"18":{"start":{"line":28,"column":0},"end":{"line":28,"column":14}},"19":{"start":{"line":29,"column":0},"end":{"line":29,"column":24}},"20":{"start":{"line":31,"column":0},"end":{"line":33,"column":null}},"21":{"start":{"line":32,"column":2},"end":{"line":32,"column":25}},"22":{"start":{"line":36,"column":0},"end":{"line":36,"column":36}},"23":{"start":{"line":37,"column":0},"end":{"line":37,"column":37}},"24":{"start":{"line":38,"column":0},"end":{"line":38,"column":35}},"25":{"start":{"line":39,"column":0},"end":{"line":39,"column":67}},"26":{"start":{"line":42,"column":0},"end":{"line":42,"column":28}},"27":{"start":{"line":43,"column":0},"end":{"line":43,"column":21}},"28":{"start":{"line":45,"column":0},"end":{"line":48,"column":3}},"29":{"start":{"line":46,"column":2},"end":{"line":46,"column":21}},"30":{"start":{"line":47,"column":2},"end":{"line":47,"column":14}},"31":{"start":{"line":50,"column":0},"end":{"line":55,"column":3}},"32":{"start":{"line":51,"column":2},"end":{"line":51,"column":18}},"33":{"start":{"line":52,"column":2},"end":{"line":54,"column":null}},"34":{"start":{"line":53,"column":4},"end":{"line":53,"column":20}},"35":{"start":{"line":57,"column":0},"end":{"line":59,"column":3}},"36":{"start":{"line":58,"column":2},"end":{"line":58,"column":53}}},"fnMap":{"0":{"name":"(anonymous_1)","decl":{"start":{"line":45,"column":33},"end":{"line":45,"column":34}},"loc":{"start":{"line":45,"column":43},"end":{"line":48,"column":1}}},"1":{"name":"(anonymous_2)","decl":{"start":{"line":50,"column":32},"end":{"line":50,"column":33}},"loc":{"start":{"line":50,"column":42},"end":{"line":55,"column":1}}},"2":{"name":"(anonymous_3)","decl":{"start":{"line":57,"column":29},"end":{"line":57,"column":32}},"loc":{"start":{"line":57,"column":34},"end":{"line":59,"column":1}}}},"branchMap":{"0":{"loc":{"start":{"line":31,"column":0},"end":{"line":33,"column":null}},"type":"if","locations":[{"start":{"line":31,"column":0},"end":{"line":33,"column":null}},{"start":{"line":31,"column":0},"end":{"line":33,"column":null}}]},"1":{"loc":{"start":{"line":52,"column":2},"end":{"line":54,"column":null}},"type":"if","locations":[{"start":{"line":52,"column":2},"end":{"line":54,"column":null}},{"start":{"line":52,"column":2},"end":{"line":54,"column":null}}]}},"s":{"0":1,"1":1,"2":1,"3":1,"4":1,"5":1,"6":1,"7":1,"8":1,"9":1,"10":1,"11":1,"12":1,"13":1,"14":1,"15":1,"16":1,"17":1,"18":1,"19":1,"20":1,"21":0,"22":1,"23":1,"24":1,"25":1,"26":1,"27":1,"28":1,"29":0,"30":0,"31":1,"32":0,"33":0,"34":0,"35":1,"36":1},"f":{"0":0,"1":0,"2":1},"b":{"0":[0,1],"1":[0,0]}}
,"C:\\coding\\fullstack\\reddit-clone\\api\\src\\controllers\\authController.ts": {"path":"C:\\coding\\fullstack\\reddit-clone\\api\\src\\controllers\\authController.ts","statementMap":{"0":{"start":{"line":2,"column":0},"end":{"line":2,"column":35}},"1":{"start":{"line":3,"column":0},"end":{"line":3,"column":77}},"2":{"start":{"line":4,"column":0},"end":{"line":4,"column":28}},"3":{"start":{"line":5,"column":0},"end":{"line":5,"column":31}},"4":{"start":{"line":6,"column":0},"end":{"line":6,"column":28}},"5":{"start":{"line":8,"column":0},"end":{"line":8,"column":72}},"6":{"start":{"line":9,"column":0},"end":{"line":9,"column":68}},"7":{"start":{"line":10,"column":0},"end":{"line":10,"column":64}},"8":{"start":{"line":12,"column":13},"end":{"line":21,"column":2}},"9":{"start":{"line":36,"column":22},"end":{"line":49,"column":1}},"10":{"start":{"line":37,"column":23},"end":{"line":42,"column":4}},"11":{"start":{"line":43,"column":2},"end":{"line":47,"column":null}},"12":{"start":{"line":44,"column":4},"end":{"line":44,"column":34}},"13":{"start":{"line":45,"column":9},"end":{"line":47,"column":null}},"14":{"start":{"line":46,"column":4},"end":{"line":46,"column":26}},"15":{"start":{"line":48,"column":2},"end":{"line":48,"column":17}},"16":{"start":{"line":51,"column":22},"end":{"line":53,"column":1}},"17":{"start":{"line":52,"column":2},"end":{"line":52,"column":58}},"18":{"start":{"line":57,"column":0},"end":{"line":168,"column":2}},"19":{"start":{"line":58,"column":70},"end":{"line":116,"column":null}},"20":{"start":{"line":59,"column":4},"end":{"line":59,"column":22}},"21":{"start":{"line":61,"column":6},"end":{"line":61,"column":14}},"22":{"start":{"line":63,"column":30},"end":{"line":68,"column":null}},"23":{"start":{"line":71,"column":4},"end":{"line":73,"column":null}},"24":{"start":{"line":72,"column":6},"end":{"line":72,"column":72}},"25":{"start":{"line":75,"column":4},"end":{"line":91,"column":null}},"26":{"start":{"line":76,"column":19},"end":{"line":78,"column":8}},"27":{"start":{"line":80,"column":6},"end":{"line":87,"column":null}},"28":{"start":{"line":81,"column":8},"end":{"line":86,"column":10}},"29":{"start":{"line":89,"column":6},"end":{"line":89,"column":23}},"30":{"start":{"line":90,"column":6},"end":{"line":90,"column":61}},"31":{"start":{"line":94,"column":17},"end":{"line":94,"column":39}},"32":{"start":{"line":95,"column":4},"end":{"line":95,"column":49}},"33":{"start":{"line":97,"column":4},"end":{"line":113,"column":null}},"34":{"start":{"line":98,"column":6},"end":{"line":107,"column":9}},"35":{"start":{"line":109,"column":6},"end":{"line":109,"column":23}},"36":{"start":{"line":110,"column":6},"end":{"line":112,"column":9}},"37":{"start":{"line":115,"column":4},"end":{"line":115,"column":19}},"38":{"start":{"line":118,"column":67},"end":{"line":154,"column":null}},"39":{"start":{"line":119,"column":43},"end":{"line":119,"column":51}},"40":{"start":{"line":121,"column":30},"end":{"line":121,"column":65}},"41":{"start":{"line":123,"column":4},"end":{"line":125,"column":null}},"42":{"start":{"line":124,"column":6},"end":{"line":124,"column":69}},"43":{"start":{"line":129,"column":4},"end":{"line":153,"column":null}},"44":{"start":{"line":130,"column":6},"end":{"line":130,"column":68}},"45":{"start":{"line":131,"column":6},"end":{"line":133,"column":null}},"46":{"start":{"line":132,"column":8},"end":{"line":132,"column":55}},"47":{"start":{"line":135,"column":30},"end":{"line":135,"column":75}},"48":{"start":{"line":136,"column":6},"end":{"line":142,"column":null}},"49":{"start":{"line":137,"column":8},"end":{"line":141,"column":10}},"50":{"start":{"line":144,"column":6},"end":{"line":144,"column":34}},"51":{"start":{"line":145,"column":6},"end":{"line":148,"column":8}},"52":{"start":{"line":150,"column":6},"end":{"line":150,"column":28}},"53":{"start":{"line":152,"column":6},"end":{"line":152,"column":61}},"54":{"start":{"line":156,"column":42},"end":{"line":158,"column":null}},"55":{"start":{"line":157,"column":4},"end":{"line":157,"column":37}},"56":{"start":{"line":160,"column":46},"end":{"line":167,"column":null}},"57":{"start":{"line":161,"column":4},"end":{"line":164,"column":6}},"58":{"start":{"line":166,"column":4},"end":{"line":166,"column":51}}},"fnMap":{"0":{"name":"(anonymous_8)","decl":{"start":{"line":36,"column":22},"end":{"line":36,"column":23}},"loc":{"start":{"line":36,"column":40},"end":{"line":49,"column":1}}},"1":{"name":"(anonymous_9)","decl":{"start":{"line":51,"column":22},"end":{"line":51,"column":23}},"loc":{"start":{"line":51,"column":46},"end":{"line":53,"column":1}}},"2":{"name":"(anonymous_10)","decl":{"start":{"line":58,"column":12},"end":{"line":58,"column":19}},"loc":{"start":{"line":58,"column":70},"end":{"line":116,"column":null}}},"3":{"name":"(anonymous_11)","decl":{"start":{"line":58,"column":70},"end":{"line":58,"column":null}},"loc":{"start":{"line":58,"column":70},"end":{"line":116,"column":3}}},"4":{"name":"(anonymous_12)","decl":{"start":{"line":118,"column":9},"end":{"line":118,"column":16}},"loc":{"start":{"line":118,"column":67},"end":{"line":154,"column":null}}},"5":{"name":"(anonymous_13)","decl":{"start":{"line":118,"column":67},"end":{"line":118,"column":null}},"loc":{"start":{"line":118,"column":67},"end":{"line":154,"column":3}}},"6":{"name":"(anonymous_14)","decl":{"start":{"line":156,"column":6},"end":{"line":156,"column":13}},"loc":{"start":{"line":156,"column":42},"end":{"line":158,"column":null}}},"7":{"name":"(anonymous_15)","decl":{"start":{"line":156,"column":42},"end":{"line":156,"column":null}},"loc":{"start":{"line":156,"column":42},"end":{"line":158,"column":3}}},"8":{"name":"(anonymous_16)","decl":{"start":{"line":160,"column":10},"end":{"line":160,"column":17}},"loc":{"start":{"line":160,"column":46},"end":{"line":167,"column":null}}},"9":{"name":"(anonymous_17)","decl":{"start":{"line":160,"column":46},"end":{"line":160,"column":null}},"loc":{"start":{"line":160,"column":46},"end":{"line":167,"column":3}}}},"branchMap":{"0":{"loc":{"start":{"line":43,"column":2},"end":{"line":47,"column":null}},"type":"if","locations":[{"start":{"line":43,"column":2},"end":{"line":47,"column":null}},{"start":{"line":43,"column":2},"end":{"line":47,"column":null}}]},"1":{"loc":{"start":{"line":45,"column":9},"end":{"line":47,"column":null}},"type":"if","locations":[{"start":{"line":45,"column":9},"end":{"line":47,"column":null}},{"start":{"line":45,"column":9},"end":{"line":47,"column":null}}]},"2":{"loc":{"start":{"line":71,"column":4},"end":{"line":73,"column":null}},"type":"if","locations":[{"start":{"line":71,"column":4},"end":{"line":73,"column":null}},{"start":{"line":71,"column":4},"end":{"line":73,"column":null}}]},"3":{"loc":{"start":{"line":80,"column":6},"end":{"line":87,"column":null}},"type":"if","locations":[{"start":{"line":80,"column":6},"end":{"line":87,"column":null}},{"start":{"line":80,"column":6},"end":{"line":87,"column":null}}]},"4":{"loc":{"start":{"line":123,"column":4},"end":{"line":125,"column":null}},"type":"if","locations":[{"start":{"line":123,"column":4},"end":{"line":125,"column":null}},{"start":{"line":123,"column":4},"end":{"line":125,"column":null}}]},"5":{"loc":{"start":{"line":131,"column":6},"end":{"line":133,"column":null}},"type":"if","locations":[{"start":{"line":131,"column":6},"end":{"line":133,"column":null}},{"start":{"line":131,"column":6},"end":{"line":133,"column":null}}]},"6":{"loc":{"start":{"line":136,"column":6},"end":{"line":142,"column":null}},"type":"if","locations":[{"start":{"line":136,"column":6},"end":{"line":142,"column":null}},{"start":{"line":136,"column":6},"end":{"line":142,"column":null}}]}},"s":{"0":1,"1":1,"2":1,"3":1,"4":1,"5":1,"6":1,"7":1,"8":1,"9":1,"10":0,"11":0,"12":0,"13":0,"14":0,"15":0,"16":1,"17":0,"18":1,"19":2,"20":2,"21":2,"22":2,"23":2,"24":1,"25":1,"26":1,"27":1,"28":0,"29":0,"30":0,"31":1,"32":1,"33":1,"34":1,"35":0,"36":0,"37":1,"38":0,"39":0,"40":0,"41":0,"42":0,"43":0,"44":0,"45":0,"46":0,"47":0,"48":0,"49":0,"50":0,"51":0,"52":0,"53":0,"54":0,"55":0,"56":0,"57":0,"58":0},"f":{"0":0,"1":0,"2":2,"3":2,"4":0,"5":0,"6":0,"7":0,"8":0,"9":0},"b":{"0":[0,0],"1":[0,0],"2":[1,1],"3":[0,1],"4":[0,0],"5":[0,0],"6":[0,0]}}
,"C:\\coding\\fullstack\\reddit-clone\\api\\src\\controllers\\commentController.ts": {"path":"C:\\coding\\fullstack\\reddit-clone\\api\\src\\controllers\\commentController.ts","statementMap":{"0":{"start":{"line":2,"column":0},"end":{"line":2,"column":34}},"1":{"start":{"line":3,"column":0},"end":{"line":3,"column":35}},"2":{"start":{"line":5,"column":0},"end":{"line":5,"column":42}},"3":{"start":{"line":6,"column":0},"end":{"line":6,"column":72}},"4":{"start":{"line":7,"column":0},"end":{"line":7,"column":64}},"5":{"start":{"line":9,"column":0},"end":{"line":48,"column":2}},"6":{"start":{"line":10,"column":75},"end":{"line":47,"column":null}},"7":{"start":{"line":11,"column":38},"end":{"line":11,"column":48}},"8":{"start":{"line":12,"column":25},"end":{"line":12,"column":38}},"9":{"start":{"line":13,"column":24},"end":{"line":13,"column":39}},"10":{"start":{"line":15,"column":4},"end":{"line":20,"column":8}},"11":{"start":{"line":16,"column":6},"end":{"line":20,"column":8}},"12":{"start":{"line":22,"column":4},"end":{"line":46,"column":null}},"13":{"start":{"line":23,"column":19},"end":{"line":25,"column":8}},"14":{"start":{"line":27,"column":6},"end":{"line":29,"column":null}},"15":{"start":{"line":28,"column":8},"end":{"line":28,"column":55}},"16":{"start":{"line":31,"column":32},"end":{"line":31,"column":41}},"17":{"start":{"line":33,"column":22},"end":{"line":41,"column":8}},"18":{"start":{"line":43,"column":6},"end":{"line":43,"column":31}},"19":{"start":{"line":45,"column":6},"end":{"line":45,"column":53}}},"fnMap":{"0":{"name":"(anonymous_8)","decl":{"start":{"line":10,"column":17},"end":{"line":10,"column":24}},"loc":{"start":{"line":10,"column":75},"end":{"line":47,"column":null}}},"1":{"name":"(anonymous_9)","decl":{"start":{"line":10,"column":75},"end":{"line":10,"column":null}},"loc":{"start":{"line":10,"column":75},"end":{"line":47,"column":3}}}},"branchMap":{"0":{"loc":{"start":{"line":15,"column":4},"end":{"line":20,"column":8}},"type":"if","locations":[{"start":{"line":15,"column":4},"end":{"line":20,"column":8}},{"start":{"line":15,"column":4},"end":{"line":20,"column":8}}]},"1":{"loc":{"start":{"line":27,"column":6},"end":{"line":29,"column":null}},"type":"if","locations":[{"start":{"line":27,"column":6},"end":{"line":29,"column":null}},{"start":{"line":27,"column":6},"end":{"line":29,"column":null}}]}},"s":{"0":1,"1":1,"2":1,"3":1,"4":1,"5":1,"6":0,"7":0,"8":0,"9":0,"10":0,"11":0,"12":0,"13":0,"14":0,"15":0,"16":0,"17":0,"18":0,"19":0},"f":{"0":0,"1":0},"b":{"0":[0,0],"1":[0,0]}}
,"C:\\coding\\fullstack\\reddit-clone\\api\\src\\controllers\\postController.ts": {"path":"C:\\coding\\fullstack\\reddit-clone\\api\\src\\controllers\\postController.ts","statementMap":{"0":{"start":{"line":2,"column":0},"end":{"line":2,"column":35}},"1":{"start":{"line":4,"column":0},"end":{"line":4,"column":51}},"2":{"start":{"line":5,"column":0},"end":{"line":5,"column":40}},"3":{"start":{"line":6,"column":0},"end":{"line":6,"column":72}},"4":{"start":{"line":7,"column":0},"end":{"line":7,"column":64}},"5":{"start":{"line":8,"column":0},"end":{"line":8,"column":68}},"6":{"start":{"line":10,"column":0},"end":{"line":95,"column":2}},"7":{"start":{"line":11,"column":72},"end":{"line":56,"column":null}},"8":{"start":{"line":16,"column":61},"end":{"line":16,"column":69}},"9":{"start":{"line":17,"column":24},"end":{"line":17,"column":39}},"10":{"start":{"line":19,"column":4},"end":{"line":25,"column":null}},"11":{"start":{"line":20,"column":6},"end":{"line":24,"column":8}},"12":{"start":{"line":27,"column":4},"end":{"line":55,"column":null}},"13":{"start":{"line":29,"column":19},"end":{"line":29,"column":73}},"14":{"start":{"line":30,"column":6},"end":{"line":32,"column":null}},"15":{"start":{"line":31,"column":8},"end":{"line":31,"column":55}},"16":{"start":{"line":35,"column":19},"end":{"line":35,"column":33}},"17":{"start":{"line":36,"column":25},"end":{"line":36,"column":34}},"18":{"start":{"line":40,"column":19},"end":{"line":50,"column":8}},"19":{"start":{"line":51,"column":6},"end":{"line":51,"column":40}},"20":{"start":{"line":53,"column":6},"end":{"line":53,"column":23}},"21":{"start":{"line":54,"column":6},"end":{"line":54,"column":61}},"22":{"start":{"line":58,"column":68},"end":{"line":76,"column":null}},"23":{"start":{"line":59,"column":4},"end":{"line":75,"column":null}},"24":{"start":{"line":60,"column":20},"end":{"line":68,"column":8}},"25":{"start":{"line":69,"column":6},"end":{"line":71,"column":null}},"26":{"start":{"line":70,"column":8},"end":{"line":70,"column":55}},"27":{"start":{"line":72,"column":6},"end":{"line":72,"column":29}},"28":{"start":{"line":74,"column":6},"end":{"line":74,"column":53}},"29":{"start":{"line":78,"column":69},"end":{"line":94,"column":null}},"30":{"start":{"line":79,"column":38},"end":{"line":79,"column":48}},"31":{"start":{"line":81,"column":4},"end":{"line":93,"column":null}},"32":{"start":{"line":82,"column":19},"end":{"line":85,"column":8}},"33":{"start":{"line":87,"column":6},"end":{"line":89,"column":null}},"34":{"start":{"line":88,"column":8},"end":{"line":88,"column":55}},"35":{"start":{"line":90,"column":6},"end":{"line":90,"column":28}},"36":{"start":{"line":92,"column":6},"end":{"line":92,"column":53}}},"fnMap":{"0":{"name":"(anonymous_7)","decl":{"start":{"line":11,"column":14},"end":{"line":11,"column":21}},"loc":{"start":{"line":11,"column":72},"end":{"line":56,"column":null}}},"1":{"name":"(anonymous_8)","decl":{"start":{"line":11,"column":72},"end":{"line":11,"column":null}},"loc":{"start":{"line":11,"column":72},"end":{"line":56,"column":3}}},"2":{"name":"(anonymous_9)","decl":{"start":{"line":58,"column":12},"end":{"line":58,"column":19}},"loc":{"start":{"line":58,"column":68},"end":{"line":76,"column":null}}},"3":{"name":"(anonymous_10)","decl":{"start":{"line":58,"column":68},"end":{"line":58,"column":null}},"loc":{"start":{"line":58,"column":68},"end":{"line":76,"column":3}}},"4":{"name":"(anonymous_11)","decl":{"start":{"line":78,"column":11},"end":{"line":78,"column":18}},"loc":{"start":{"line":78,"column":69},"end":{"line":94,"column":null}}},"5":{"name":"(anonymous_12)","decl":{"start":{"line":78,"column":69},"end":{"line":78,"column":null}},"loc":{"start":{"line":78,"column":69},"end":{"line":94,"column":3}}}},"branchMap":{"0":{"loc":{"start":{"line":19,"column":4},"end":{"line":25,"column":null}},"type":"if","locations":[{"start":{"line":19,"column":4},"end":{"line":25,"column":null}},{"start":{"line":19,"column":4},"end":{"line":25,"column":null}}]},"1":{"loc":{"start":{"line":30,"column":6},"end":{"line":32,"column":null}},"type":"if","locations":[{"start":{"line":30,"column":6},"end":{"line":32,"column":null}},{"start":{"line":30,"column":6},"end":{"line":32,"column":null}}]},"2":{"loc":{"start":{"line":69,"column":6},"end":{"line":71,"column":null}},"type":"if","locations":[{"start":{"line":69,"column":6},"end":{"line":71,"column":null}},{"start":{"line":69,"column":6},"end":{"line":71,"column":null}}]},"3":{"loc":{"start":{"line":87,"column":6},"end":{"line":89,"column":null}},"type":"if","locations":[{"start":{"line":87,"column":6},"end":{"line":89,"column":null}},{"start":{"line":87,"column":6},"end":{"line":89,"column":null}}]}},"s":{"0":1,"1":1,"2":1,"3":1,"4":1,"5":1,"6":1,"7":0,"8":0,"9":0,"10":0,"11":0,"12":0,"13":0,"14":0,"15":0,"16":0,"17":0,"18":0,"19":0,"20":0,"21":0,"22":0,"23":0,"24":0,"25":0,"26":0,"27":0,"28":0,"29":0,"30":0,"31":0,"32":0,"33":0,"34":0,"35":0,"36":0},"f":{"0":0,"1":0,"2":0,"3":0,"4":0,"5":0},"b":{"0":[0,0],"1":[0,0],"2":[0,0],"3":[0,0]}}
,"C:\\coding\\fullstack\\reddit-clone\\api\\src\\controllers\\subController.ts": {"path":"C:\\coding\\fullstack\\reddit-clone\\api\\src\\controllers\\subController.ts","statementMap":{"0":{"start":{"line":2,"column":0},"end":{"line":2,"column":34}},"1":{"start":{"line":3,"column":0},"end":{"line":3,"column":35}},"2":{"start":{"line":5,"column":0},"end":{"line":5,"column":70}},"3":{"start":{"line":6,"column":0},"end":{"line":6,"column":68}},"4":{"start":{"line":7,"column":0},"end":{"line":7,"column":72}},"5":{"start":{"line":15,"column":0},"end":{"line":51,"column":2}},"6":{"start":{"line":16,"column":71},"end":{"line":50,"column":null}},"7":{"start":{"line":17,"column":31},"end":{"line":17,"column":33}},"8":{"start":{"line":18,"column":24},"end":{"line":18,"column":39}},"9":{"start":{"line":23,"column":62},"end":{"line":23,"column":70}},"10":{"start":{"line":24,"column":4},"end":{"line":24,"column":75}},"11":{"start":{"line":24,"column":34},"end":{"line":24,"column":75}},"12":{"start":{"line":25,"column":4},"end":{"line":25,"column":72}},"13":{"start":{"line":25,"column":33},"end":{"line":25,"column":72}},"14":{"start":{"line":27,"column":4},"end":{"line":29,"column":null}},"15":{"start":{"line":28,"column":6},"end":{"line":28,"column":71}},"16":{"start":{"line":31,"column":4},"end":{"line":49,"column":null}},"17":{"start":{"line":32,"column":22},"end":{"line":32,"column":70}},"18":{"start":{"line":34,"column":6},"end":{"line":40,"column":null}},"19":{"start":{"line":35,"column":8},"end":{"line":39,"column":10}},"20":{"start":{"line":42,"column":18},"end":{"line":44,"column":8}},"21":{"start":{"line":45,"column":6},"end":{"line":45,"column":27}},"22":{"start":{"line":47,"column":6},"end":{"line":47,"column":23}},"23":{"start":{"line":48,"column":6},"end":{"line":48,"column":61}}},"fnMap":{"0":{"name":"(anonymous_8)","decl":{"start":{"line":16,"column":13},"end":{"line":16,"column":20}},"loc":{"start":{"line":16,"column":71},"end":{"line":50,"column":null}}},"1":{"name":"(anonymous_9)","decl":{"start":{"line":16,"column":71},"end":{"line":16,"column":null}},"loc":{"start":{"line":16,"column":71},"end":{"line":50,"column":3}}}},"branchMap":{"0":{"loc":{"start":{"line":24,"column":4},"end":{"line":24,"column":75}},"type":"if","locations":[{"start":{"line":24,"column":4},"end":{"line":24,"column":75}},{"start":{"line":24,"column":4},"end":{"line":24,"column":75}}]},"1":{"loc":{"start":{"line":25,"column":4},"end":{"line":25,"column":72}},"type":"if","locations":[{"start":{"line":25,"column":4},"end":{"line":25,"column":72}},{"start":{"line":25,"column":4},"end":{"line":25,"column":72}}]},"2":{"loc":{"start":{"line":27,"column":4},"end":{"line":29,"column":null}},"type":"if","locations":[{"start":{"line":27,"column":4},"end":{"line":29,"column":null}},{"start":{"line":27,"column":4},"end":{"line":29,"column":null}}]},"3":{"loc":{"start":{"line":34,"column":6},"end":{"line":40,"column":null}},"type":"if","locations":[{"start":{"line":34,"column":6},"end":{"line":40,"column":null}},{"start":{"line":34,"column":6},"end":{"line":40,"column":null}}]}},"s":{"0":1,"1":1,"2":1,"3":1,"4":1,"5":1,"6":0,"7":0,"8":0,"9":0,"10":0,"11":0,"12":0,"13":0,"14":0,"15":0,"16":0,"17":0,"18":0,"19":0,"20":0,"21":0,"22":0,"23":0},"f":{"0":0,"1":0},"b":{"0":[0,0],"1":[0,0],"2":[0,0],"3":[0,0]}}
,"C:\\coding\\fullstack\\reddit-clone\\api\\src\\routes\\authRoutes.ts": {"path":"C:\\coding\\fullstack\\reddit-clone\\api\\src\\routes\\authRoutes.ts","statementMap":{"0":{"start":{"line":1,"column":0},"end":{"line":1,"column":33}},"1":{"start":{"line":2,"column":0},"end":{"line":2,"column":59}},"2":{"start":{"line":3,"column":0},"end":{"line":3,"column":47}},"3":{"start":{"line":5,"column":15},"end":{"line":5,"column":23}},"4":{"start":{"line":7,"column":0},"end":{"line":7,"column":50}},"5":{"start":{"line":8,"column":0},"end":{"line":8,"column":44}},"6":{"start":{"line":9,"column":0},"end":{"line":9,"column":48}},"7":{"start":{"line":10,"column":0},"end":{"line":10,"column":56}},"8":{"start":{"line":12,"column":0},"end":{"line":12,"column":22}}},"fnMap":{},"branchMap":{},"s":{"0":1,"1":1,"2":1,"3":1,"4":1,"5":1,"6":1,"7":1,"8":1},"f":{},"b":{}}
,"C:\\coding\\fullstack\\reddit-clone\\api\\src\\routes\\commentRoutes.ts": {"path":"C:\\coding\\fullstack\\reddit-clone\\api\\src\\routes\\commentRoutes.ts","statementMap":{"0":{"start":{"line":1,"column":0},"end":{"line":1,"column":33}},"1":{"start":{"line":2,"column":0},"end":{"line":2,"column":65}},"2":{"start":{"line":3,"column":0},"end":{"line":3,"column":47}},"3":{"start":{"line":5,"column":15},"end":{"line":5,"column":23}},"4":{"start":{"line":7,"column":0},"end":{"line":7,"column":61}},"5":{"start":{"line":9,"column":0},"end":{"line":9,"column":22}}},"fnMap":{},"branchMap":{},"s":{"0":1,"1":1,"2":1,"3":1,"4":1,"5":1},"f":{},"b":{}}
,"C:\\coding\\fullstack\\reddit-clone\\api\\src\\routes\\postRoutes.ts": {"path":"C:\\coding\\fullstack\\reddit-clone\\api\\src\\routes\\postRoutes.ts","statementMap":{"0":{"start":{"line":1,"column":0},"end":{"line":1,"column":33}},"1":{"start":{"line":2,"column":0},"end":{"line":2,"column":47}},"2":{"start":{"line":3,"column":0},"end":{"line":3,"column":59}},"3":{"start":{"line":5,"column":15},"end":{"line":5,"column":23}},"4":{"start":{"line":7,"column":0},"end":{"line":10,"column":32}},"5":{"start":{"line":11,"column":0},"end":{"line":11,"column":57}},"6":{"start":{"line":13,"column":0},"end":{"line":13,"column":22}}},"fnMap":{},"branchMap":{},"s":{"0":1,"1":1,"2":1,"3":1,"4":1,"5":1,"6":1},"f":{},"b":{}}
,"C:\\coding\\fullstack\\reddit-clone\\api\\src\\routes\\subRoutes.ts": {"path":"C:\\coding\\fullstack\\reddit-clone\\api\\src\\routes\\subRoutes.ts","statementMap":{"0":{"start":{"line":1,"column":0},"end":{"line":1,"column":33}},"1":{"start":{"line":2,"column":0},"end":{"line":2,"column":57}},"2":{"start":{"line":3,"column":0},"end":{"line":3,"column":47}},"3":{"start":{"line":5,"column":15},"end":{"line":5,"column":23}},"4":{"start":{"line":7,"column":0},"end":{"line":7,"column":53}},"5":{"start":{"line":9,"column":0},"end":{"line":9,"column":22}}},"fnMap":{},"branchMap":{},"s":{"0":1,"1":1,"2":1,"3":1,"4":1,"5":1},"f":{},"b":{}}
,"C:\\coding\\fullstack\\reddit-clone\\api\\src\\utils\\authValidator.ts": {"path":"C:\\coding\\fullstack\\reddit-clone\\api\\src\\utils\\authValidator.ts","statementMap":{"0":{"start":{"line":1,"column":0},"end":{"line":1,"column":34}},"1":{"start":{"line":16,"column":34},"end":{"line":48,"column":1}},"2":{"start":{"line":23,"column":32},"end":{"line":23,"column":34}},"3":{"start":{"line":25,"column":2},"end":{"line":27,"column":11}},"4":{"start":{"line":28,"column":2},"end":{"line":30,"column":11}},"5":{"start":{"line":31,"column":2},"end":{"line":33,"column":11}},"6":{"start":{"line":34,"column":2},"end":{"line":34,"column":76}},"7":{"start":{"line":35,"column":2},"end":{"line":37,"column":11}},"8":{"start":{"line":40,"column":2},"end":{"line":42,"column":null}},"9":{"start":{"line":41,"column":4},"end":{"line":41,"column":37}},"10":{"start":{"line":44,"column":2},"end":{"line":47,"column":4}},"11":{"start":{"line":16,"column":13},"end":{"line":16,"column":34}},"12":{"start":{"line":50,"column":31},"end":{"line":64,"column":1}},"13":{"start":{"line":51,"column":29},"end":{"line":51,"column":31}},"14":{"start":{"line":53,"column":2},"end":{"line":55,"column":11}},"15":{"start":{"line":56,"column":2},"end":{"line":58,"column":11}},"16":{"start":{"line":60,"column":2},"end":{"line":63,"column":4}},"17":{"start":{"line":50,"column":13},"end":{"line":50,"column":31}}},"fnMap":{"0":{"name":"(anonymous_1)","decl":{"start":{"line":16,"column":34},"end":{"line":16,"column":null}},"loc":{"start":{"line":22,"column":4},"end":{"line":48,"column":1}}},"1":{"name":"(anonymous_2)","decl":{"start":{"line":50,"column":31},"end":{"line":50,"column":32}},"loc":{"start":{"line":50,"column":70},"end":{"line":64,"column":1}}}},"branchMap":{"0":{"loc":{"start":{"line":26,"column":7},"end":{"line":26,"column":50}},"type":"cond-expr","locations":[{"start":{"line":26,"column":7},"end":{"line":26,"column":50}},{"start":{"line":27,"column":6},"end":{"line":27,"column":10}}]},"1":{"loc":{"start":{"line":29,"column":7},"end":{"line":29,"column":54}},"type":"cond-expr","locations":[{"start":{"line":29,"column":7},"end":{"line":29,"column":54}},{"start":{"line":30,"column":6},"end":{"line":30,"column":10}}]},"2":{"loc":{"start":{"line":32,"column":7},"end":{"line":32,"column":52}},"type":"cond-expr","locations":[{"start":{"line":32,"column":7},"end":{"line":32,"column":52}},{"start":{"line":33,"column":6},"end":{"line":33,"column":10}}]},"3":{"loc":{"start":{"line":34,"column":30},"end":{"line":34,"column":67}},"type":"cond-expr","locations":[{"start":{"line":34,"column":30},"end":{"line":34,"column":67}},{"start":{"line":34,"column":71},"end":{"line":34,"column":75}}]},"4":{"loc":{"start":{"line":36,"column":7},"end":{"line":36,"column":50}},"type":"cond-expr","locations":[{"start":{"line":36,"column":7},"end":{"line":36,"column":50}},{"start":{"line":37,"column":6},"end":{"line":37,"column":10}}]},"5":{"loc":{"start":{"line":40,"column":2},"end":{"line":42,"column":null}},"type":"if","locations":[{"start":{"line":40,"column":2},"end":{"line":42,"column":null}},{"start":{"line":40,"column":2},"end":{"line":42,"column":null}}]},"6":{"loc":{"start":{"line":46,"column":44},"end":{"line":46,"column":48}},"type":"cond-expr","locations":[{"start":{"line":46,"column":44},"end":{"line":46,"column":48}},{"start":{"line":46,"column":51},"end":{"line":46,"column":56}}]},"7":{"loc":{"start":{"line":54,"column":7},"end":{"line":54,"column":50}},"type":"cond-expr","locations":[{"start":{"line":54,"column":7},"end":{"line":54,"column":50}},{"start":{"line":55,"column":6},"end":{"line":55,"column":10}}]},"8":{"loc":{"start":{"line":57,"column":7},"end":{"line":57,"column":50}},"type":"cond-expr","locations":[{"start":{"line":57,"column":7},"end":{"line":57,"column":50}},{"start":{"line":58,"column":6},"end":{"line":58,"column":10}}]},"9":{"loc":{"start":{"line":62,"column":44},"end":{"line":62,"column":48}},"type":"cond-expr","locations":[{"start":{"line":62,"column":44},"end":{"line":62,"column":48}},{"start":{"line":62,"column":51},"end":{"line":62,"column":56}}]}},"s":{"0":1,"1":1,"2":2,"3":2,"4":2,"5":2,"6":2,"7":2,"8":2,"9":1,"10":2,"11":1,"12":1,"13":0,"14":0,"15":0,"16":0,"17":1},"f":{"0":2,"1":0},"b":{"0":[0,2],"1":[0,2],"2":[0,2],"3":[0,2],"4":[0,2],"5":[1,1],"6":[1,1],"7":[0,0],"8":[0,0],"9":[0,0]}}
,"C:\\coding\\fullstack\\reddit-clone\\api\\src\\utils\\checkAuth.ts": {"path":"C:\\coding\\fullstack\\reddit-clone\\api\\src\\utils\\checkAuth.ts","statementMap":{"0":{"start":{"line":2,"column":0},"end":{"line":2,"column":31}},"1":{"start":{"line":3,"column":0},"end":{"line":3,"column":35}},"2":{"start":{"line":4,"column":0},"end":{"line":4,"column":53}},"3":{"start":{"line":5,"column":0},"end":{"line":5,"column":69}},"4":{"start":{"line":6,"column":0},"end":{"line":6,"column":57}},"5":{"start":{"line":8,"column":25},"end":{"line":28,"column":2}},"6":{"start":{"line":12,"column":4},"end":{"line":28,"column":2}},"7":{"start":{"line":14,"column":2},"end":{"line":27,"column":null}},"8":{"start":{"line":15,"column":45},"end":{"line":15,"column":62}},"9":{"start":{"line":16,"column":4},"end":{"line":16,"column":70}},"10":{"start":{"line":16,"column":16},"end":{"line":16,"column":70}},"11":{"start":{"line":18,"column":26},"end":{"line":18,"column":68}},"12":{"start":{"line":20,"column":4},"end":{"line":20,"column":80}},"13":{"start":{"line":21,"column":4},"end":{"line":21,"column":50}},"14":{"start":{"line":21,"column":15},"end":{"line":21,"column":50}},"15":{"start":{"line":23,"column":4},"end":{"line":23,"column":27}},"16":{"start":{"line":24,"column":4},"end":{"line":24,"column":18}},"17":{"start":{"line":26,"column":4},"end":{"line":26,"column":75}},"18":{"start":{"line":8,"column":13},"end":{"line":8,"column":25}}},"fnMap":{"0":{"name":"(anonymous_8)","decl":{"start":{"line":8,"column":25},"end":{"line":8,"column":null}},"loc":{"start":{"line":12,"column":4},"end":{"line":28,"column":2}}},"1":{"name":"(anonymous_9)","decl":{"start":{"line":12,"column":4},"end":{"line":12,"column":null}},"loc":{"start":{"line":12,"column":4},"end":{"line":28,"column":1}}}},"branchMap":{"0":{"loc":{"start":{"line":16,"column":4},"end":{"line":16,"column":70}},"type":"if","locations":[{"start":{"line":16,"column":4},"end":{"line":16,"column":70}},{"start":{"line":16,"column":4},"end":{"line":16,"column":70}}]},"1":{"loc":{"start":{"line":21,"column":4},"end":{"line":21,"column":50}},"type":"if","locations":[{"start":{"line":21,"column":4},"end":{"line":21,"column":50}},{"start":{"line":21,"column":4},"end":{"line":21,"column":50}}]}},"s":{"0":1,"1":1,"2":1,"3":1,"4":1,"5":1,"6":0,"7":0,"8":0,"9":0,"10":0,"11":0,"12":0,"13":0,"14":0,"15":0,"16":0,"17":0,"18":1},"f":{"0":0,"1":0},"b":{"0":[0,0],"1":[0,0]}}
,"C:\\coding\\fullstack\\reddit-clone\\api\\src\\utils\\helpers.ts": {"path":"C:\\coding\\fullstack\\reddit-clone\\api\\src\\utils\\helpers.ts","statementMap":{"0":{"start":{"line":2,"column":2},"end":{"line":2,"column":19}},"1":{"start":{"line":3,"column":2},"end":{"line":3,"column":26}},"2":{"start":{"line":6,"column":13},"end":{"line":6,"column":43}},"3":{"start":{"line":7,"column":11},"end":{"line":7,"column":41}},"4":{"start":{"line":8,"column":2},"end":{"line":10,"column":null}},"5":{"start":{"line":8,"column":15},"end":{"line":8,"column":16}},"6":{"start":{"line":8,"column":22},"end":{"line":8,"column":33}},"7":{"start":{"line":9,"column":4},"end":{"line":9,"column":69}},"8":{"start":{"line":12,"column":2},"end":{"line":18,"column":24}},"9":{"start":{"line":20,"column":2},"end":{"line":20,"column":13}},"10":{"start":{"line":1,"column":0},"end":{"line":1,"column":16}},"11":{"start":{"line":24,"column":15},"end":{"line":24,"column":17}},"12":{"start":{"line":26,"column":4},"end":{"line":26,"column":68}},"13":{"start":{"line":27,"column":27},"end":{"line":27,"column":44}},"14":{"start":{"line":28,"column":2},"end":{"line":32,"column":null}},"15":{"start":{"line":28,"column":15},"end":{"line":28,"column":16}},"16":{"start":{"line":29,"column":4},"end":{"line":31,"column":6}},"17":{"start":{"line":33,"column":2},"end":{"line":33,"column":25}},"18":{"start":{"line":23,"column":0},"end":{"line":23,"column":16}}},"fnMap":{"0":{"name":"slugify","decl":{"start":{"line":1,"column":16},"end":{"line":1,"column":23}},"loc":{"start":{"line":1,"column":35},"end":{"line":21,"column":1}}},"1":{"name":"makeid","decl":{"start":{"line":23,"column":16},"end":{"line":23,"column":22}},"loc":{"start":{"line":23,"column":37},"end":{"line":34,"column":1}}}},"branchMap":{},"s":{"0":0,"1":0,"2":0,"3":0,"4":0,"5":0,"6":0,"7":0,"8":0,"9":0,"10":1,"11":0,"12":0,"13":0,"14":0,"15":0,"16":0,"17":0,"18":1},"f":{"0":0,"1":0},"b":{}}
,"C:\\coding\\fullstack\\reddit-clone\\api\\src\\utils\\trim.ts": {"path":"C:\\coding\\fullstack\\reddit-clone\\api\\src\\utils\\trim.ts","statementMap":{"0":{"start":{"line":3,"column":0},"end":{"line":13,"column":2}},"1":{"start":{"line":4,"column":21},"end":{"line":4,"column":33}},"2":{"start":{"line":6,"column":2},"end":{"line":10,"column":5}},"3":{"start":{"line":7,"column":4},"end":{"line":9,"column":null}},"4":{"start":{"line":8,"column":6},"end":{"line":8,"column":43}},"5":{"start":{"line":12,"column":2},"end":{"line":12,"column":9}}},"fnMap":{"0":{"name":"(anonymous_0)","decl":{"start":{"line":3,"column":15},"end":{"line":3,"column":16}},"loc":{"start":{"line":3,"column":67},"end":{"line":13,"column":1}}},"1":{"name":"(anonymous_1)","decl":{"start":{"line":6,"column":32},"end":{"line":6,"column":33}},"loc":{"start":{"line":6,"column":40},"end":{"line":10,"column":3}}}},"branchMap":{"0":{"loc":{"start":{"line":7,"column":4},"end":{"line":9,"column":null}},"type":"if","locations":[{"start":{"line":7,"column":4},"end":{"line":9,"column":null}},{"start":{"line":7,"column":4},"end":{"line":9,"column":null}}]},"1":{"loc":{"start":{"line":7,"column":8},"end":{"line":7,"column":33}},"type":"binary-expr","locations":[{"start":{"line":7,"column":8},"end":{"line":7,"column":33}},{"start":{"line":7,"column":37},"end":{"line":7,"column":70}}]}},"s":{"0":1,"1":2,"2":2,"3":10,"4":8,"5":2},"f":{"0":2,"1":10},"b":{"0":[8,2],"1":[10,8]}}
,"C:\\coding\\fullstack\\reddit-clone\\api\\src\\utils\\errorHandler\\Api404Error.ts": {"path":"C:\\coding\\fullstack\\reddit-clone\\api\\src\\utils\\errorHandler\\Api404Error.ts","statementMap":{"0":{"start":{"line":1,"column":0},"end":{"line":1,"column":40}},"1":{"start":{"line":2,"column":0},"end":{"line":2,"column":50}},"2":{"start":{"line":11,"column":4},"end":{"line":11,"column":59}},"3":{"start":{"line":6,"column":11},"end":{"line":6,"column":26}},"4":{"start":{"line":7,"column":11},"end":{"line":7,"column":30}},"5":{"start":{"line":8,"column":11},"end":{"line":8,"column":24}},"6":{"start":{"line":9,"column":11},"end":{"line":9,"column":27}},"7":{"start":{"line":4,"column":0},"end":{"line":4,"column":13}}},"fnMap":{"0":{"name":"(anonymous_0)","decl":{"start":{"line":5,"column":2},"end":{"line":5,"column":null}},"loc":{"start":{"line":9,"column":31},"end":{"line":12,"column":3}}}},"branchMap":{"0":{"loc":{"start":{"line":7,"column":30},"end":{"line":7,"column":53}},"type":"default-arg","locations":[{"start":{"line":7,"column":30},"end":{"line":7,"column":53}}]},"1":{"loc":{"start":{"line":8,"column":24},"end":{"line":8,"column":48}},"type":"default-arg","locations":[{"start":{"line":8,"column":24},"end":{"line":8,"column":48}}]},"2":{"loc":{"start":{"line":9,"column":27},"end":{"line":9,"column":31}},"type":"default-arg","locations":[{"start":{"line":9,"column":27},"end":{"line":9,"column":31}}]}},"s":{"0":1,"1":1,"2":0,"3":0,"4":0,"5":0,"6":0,"7":1},"f":{"0":0},"b":{"0":[0],"1":[0],"2":[0]}}
,"C:\\coding\\fullstack\\reddit-clone\\api\\src\\utils\\errorHandler\\BadRequestError.ts": {"path":"C:\\coding\\fullstack\\reddit-clone\\api\\src\\utils\\errorHandler\\BadRequestError.ts","statementMap":{"0":{"start":{"line":1,"column":0},"end":{"line":1,"column":40}},"1":{"start":{"line":2,"column":0},"end":{"line":2,"column":50}},"2":{"start":{"line":11,"column":4},"end":{"line":11,"column":59}},"3":{"start":{"line":6,"column":11},"end":{"line":6,"column":26}},"4":{"start":{"line":7,"column":11},"end":{"line":7,"column":30}},"5":{"start":{"line":8,"column":11},"end":{"line":8,"column":24}},"6":{"start":{"line":9,"column":11},"end":{"line":9,"column":27}},"7":{"start":{"line":4,"column":0},"end":{"line":4,"column":13}}},"fnMap":{"0":{"name":"(anonymous_0)","decl":{"start":{"line":5,"column":2},"end":{"line":5,"column":null}},"loc":{"start":{"line":9,"column":31},"end":{"line":12,"column":3}}}},"branchMap":{"0":{"loc":{"start":{"line":7,"column":30},"end":{"line":7,"column":61}},"type":"default-arg","locations":[{"start":{"line":7,"column":30},"end":{"line":7,"column":61}}]},"1":{"loc":{"start":{"line":8,"column":24},"end":{"line":8,"column":50}},"type":"default-arg","locations":[{"start":{"line":8,"column":24},"end":{"line":8,"column":50}}]},"2":{"loc":{"start":{"line":9,"column":27},"end":{"line":9,"column":31}},"type":"default-arg","locations":[{"start":{"line":9,"column":27},"end":{"line":9,"column":31}}]}},"s":{"0":1,"1":1,"2":1,"3":1,"4":1,"5":1,"6":1,"7":1},"f":{"0":1},"b":{"0":[0],"1":[1],"2":[1]}}
,"C:\\coding\\fullstack\\reddit-clone\\api\\src\\utils\\errorHandler\\BaseError.ts": {"path":"C:\\coding\\fullstack\\reddit-clone\\api\\src\\utils\\errorHandler\\BaseError.ts","statementMap":{"0":{"start":{"line":12,"column":4},"end":{"line":12,"column":19}},"1":{"start":{"line":14,"column":4},"end":{"line":14,"column":54}},"2":{"start":{"line":15,"column":4},"end":{"line":15,"column":27}},"3":{"start":{"line":16,"column":4},"end":{"line":16,"column":35}},"4":{"start":{"line":17,"column":4},"end":{"line":17,"column":33}},"5":{"start":{"line":18,"column":4},"end":{"line":18,"column":39}},"6":{"start":{"line":19,"column":4},"end":{"line":19,"column":52}},"7":{"start":{"line":1,"column":0},"end":{"line":1,"column":13}}},"fnMap":{"0":{"name":"(anonymous_0)","decl":{"start":{"line":6,"column":2},"end":{"line":6,"column":null}},"loc":{"start":{"line":10,"column":26},"end":{"line":20,"column":3}}}},"branchMap":{},"s":{"0":1,"1":1,"2":1,"3":1,"4":1,"5":1,"6":1,"7":1},"f":{"0":1},"b":{}}
,"C:\\coding\\fullstack\\reddit-clone\\api\\src\\utils\\errorHandler\\ForbiddenError.ts": {"path":"C:\\coding\\fullstack\\reddit-clone\\api\\src\\utils\\errorHandler\\ForbiddenError.ts","statementMap":{"0":{"start":{"line":1,"column":0},"end":{"line":1,"column":40}},"1":{"start":{"line":2,"column":0},"end":{"line":2,"column":50}},"2":{"start":{"line":11,"column":4},"end":{"line":11,"column":59}},"3":{"start":{"line":6,"column":11},"end":{"line":6,"column":26}},"4":{"start":{"line":7,"column":11},"end":{"line":7,"column":30}},"5":{"start":{"line":8,"column":11},"end":{"line":8,"column":24}},"6":{"start":{"line":9,"column":11},"end":{"line":9,"column":27}},"7":{"start":{"line":4,"column":0},"end":{"line":4,"column":13}}},"fnMap":{"0":{"name":"(anonymous_0)","decl":{"start":{"line":5,"column":2},"end":{"line":5,"column":null}},"loc":{"start":{"line":9,"column":31},"end":{"line":12,"column":3}}}},"branchMap":{"0":{"loc":{"start":{"line":7,"column":30},"end":{"line":7,"column":60}},"type":"default-arg","locations":[{"start":{"line":7,"column":30},"end":{"line":7,"column":60}}]},"1":{"loc":{"start":{"line":8,"column":24},"end":{"line":8,"column":48}},"type":"default-arg","locations":[{"start":{"line":8,"column":24},"end":{"line":8,"column":48}}]},"2":{"loc":{"start":{"line":9,"column":27},"end":{"line":9,"column":31}},"type":"default-arg","locations":[{"start":{"line":9,"column":27},"end":{"line":9,"column":31}}]}},"s":{"0":1,"1":1,"2":0,"3":0,"4":0,"5":0,"6":0,"7":1},"f":{"0":0},"b":{"0":[0],"1":[0],"2":[0]}}
,"C:\\coding\\fullstack\\reddit-clone\\api\\src\\utils\\errorHandler\\InternalError.ts": {"path":"C:\\coding\\fullstack\\reddit-clone\\api\\src\\utils\\errorHandler\\InternalError.ts","statementMap":{"0":{"start":{"line":1,"column":0},"end":{"line":1,"column":40}},"1":{"start":{"line":2,"column":0},"end":{"line":2,"column":50}},"2":{"start":{"line":11,"column":4},"end":{"line":11,"column":59}},"3":{"start":{"line":6,"column":11},"end":{"line":6,"column":26}},"4":{"start":{"line":7,"column":11},"end":{"line":7,"column":24}},"5":{"start":{"line":8,"column":11},"end":{"line":8,"column":30}},"6":{"start":{"line":9,"column":11},"end":{"line":9,"column":27}},"7":{"start":{"line":4,"column":0},"end":{"line":4,"column":13}}},"fnMap":{"0":{"name":"(anonymous_0)","decl":{"start":{"line":5,"column":2},"end":{"line":5,"column":null}},"loc":{"start":{"line":9,"column":31},"end":{"line":12,"column":3}}}},"branchMap":{"0":{"loc":{"start":{"line":7,"column":24},"end":{"line":7,"column":54}},"type":"default-arg","locations":[{"start":{"line":7,"column":24},"end":{"line":7,"column":54}}]},"1":{"loc":{"start":{"line":8,"column":30},"end":{"line":8,"column":64}},"type":"default-arg","locations":[{"start":{"line":8,"column":30},"end":{"line":8,"column":64}}]},"2":{"loc":{"start":{"line":9,"column":27},"end":{"line":9,"column":31}},"type":"default-arg","locations":[{"start":{"line":9,"column":27},"end":{"line":9,"column":31}}]}},"s":{"0":1,"1":1,"2":0,"3":0,"4":0,"5":0,"6":0,"7":1},"f":{"0":0},"b":{"0":[0],"1":[0],"2":[0]}}
,"C:\\coding\\fullstack\\reddit-clone\\api\\src\\utils\\errorHandler\\UnauthorizedError.ts": {"path":"C:\\coding\\fullstack\\reddit-clone\\api\\src\\utils\\errorHandler\\UnauthorizedError.ts","statementMap":{"0":{"start":{"line":1,"column":0},"end":{"line":1,"column":40}},"1":{"start":{"line":2,"column":0},"end":{"line":2,"column":50}},"2":{"start":{"line":11,"column":4},"end":{"line":11,"column":59}},"3":{"start":{"line":6,"column":11},"end":{"line":6,"column":26}},"4":{"start":{"line":7,"column":11},"end":{"line":7,"column":24}},"5":{"start":{"line":8,"column":11},"end":{"line":8,"column":30}},"6":{"start":{"line":9,"column":11},"end":{"line":9,"column":27}},"7":{"start":{"line":4,"column":0},"end":{"line":4,"column":13}}},"fnMap":{"0":{"name":"(anonymous_0)","decl":{"start":{"line":5,"column":2},"end":{"line":5,"column":null}},"loc":{"start":{"line":9,"column":31},"end":{"line":12,"column":3}}}},"branchMap":{"0":{"loc":{"start":{"line":7,"column":24},"end":{"line":7,"column":51}},"type":"default-arg","locations":[{"start":{"line":7,"column":24},"end":{"line":7,"column":51}}]},"1":{"loc":{"start":{"line":8,"column":30},"end":{"line":8,"column":56}},"type":"default-arg","locations":[{"start":{"line":8,"column":30},"end":{"line":8,"column":56}}]},"2":{"loc":{"start":{"line":9,"column":27},"end":{"line":9,"column":31}},"type":"default-arg","locations":[{"start":{"line":9,"column":27},"end":{"line":9,"column":31}}]}},"s":{"0":1,"1":1,"2":0,"3":0,"4":0,"5":0,"6":0,"7":1},"f":{"0":0},"b":{"0":[0],"1":[0],"2":[0]}}
,"C:\\coding\\fullstack\\reddit-clone\\api\\src\\utils\\errorHandler\\httpStatusCode.ts": {"path":"C:\\coding\\fullstack\\reddit-clone\\api\\src\\utils\\errorHandler\\httpStatusCode.ts","statementMap":{"0":{"start":{"line":1,"column":0},"end":{"line":1,"column":null}},"1":{"start":{"line":2,"column":2},"end":{"line":2,"column":null}},"2":{"start":{"line":3,"column":2},"end":{"line":3,"column":null}},"3":{"start":{"line":4,"column":2},"end":{"line":4,"column":null}},"4":{"start":{"line":5,"column":2},"end":{"line":5,"column":null}},"5":{"start":{"line":6,"column":2},"end":{"line":6,"column":null}},"6":{"start":{"line":7,"column":2},"end":{"line":7,"column":null}}},"fnMap":{"0":{"name":"(anonymous_0)","decl":{"start":{"line":1,"column":0},"end":{"line":1,"column":12}},"loc":{"start":{"line":1,"column":26},"end":{"line":8,"column":1}}}},"branchMap":{"0":{"loc":{"start":{"line":1,"column":12},"end":{"line":1,"column":26}},"type":"binary-expr","locations":[{"start":{"line":1,"column":12},"end":{"line":1,"column":26}},{"start":{"line":1,"column":12},"end":{"line":1,"column":null}}]}},"s":{"0":1,"1":1,"2":1,"3":1,"4":1,"5":1,"6":1},"f":{"0":1},"b":{"0":[1,1]}}
,"C:\\coding\\fullstack\\reddit-clone\\api\\src\\utils\\errorHandler\\logger.ts": {"path":"C:\\coding\\fullstack\\reddit-clone\\api\\src\\utils\\errorHandler\\logger.ts","statementMap":{"0":{"start":{"line":2,"column":0},"end":{"line":2,"column":40}},"1":{"start":{"line":5,"column":2},"end":{"line":5,"column":21}},"2":{"start":{"line":4,"column":0},"end":{"line":4,"column":16}},"3":{"start":{"line":14,"column":2},"end":{"line":14,"column":16}},"4":{"start":{"line":15,"column":2},"end":{"line":15,"column":12}},"5":{"start":{"line":8,"column":0},"end":{"line":8,"column":16}},"6":{"start":{"line":24,"column":2},"end":{"line":26,"column":61}},"7":{"start":{"line":18,"column":0},"end":{"line":18,"column":16}},"8":{"start":{"line":30,"column":2},"end":{"line":32,"column":null}},"9":{"start":{"line":31,"column":4},"end":{"line":31,"column":31}},"10":{"start":{"line":33,"column":2},"end":{"line":33,"column":15}},"11":{"start":{"line":29,"column":0},"end":{"line":29,"column":16}}},"fnMap":{"0":{"name":"logError","decl":{"start":{"line":4,"column":16},"end":{"line":4,"column":24}},"loc":{"start":{"line":4,"column":33},"end":{"line":6,"column":1}}},"1":{"name":"logErrorMiddleware","decl":{"start":{"line":8,"column":16},"end":{"line":8,"column":34}},"loc":{"start":{"line":12,"column":20},"end":{"line":16,"column":1}}},"2":{"name":"returnError","decl":{"start":{"line":18,"column":16},"end":{"line":18,"column":27}},"loc":{"start":{"line":22,"column":18},"end":{"line":27,"column":1}}},"3":{"name":"isOperationalError","decl":{"start":{"line":29,"column":16},"end":{"line":29,"column":34}},"loc":{"start":{"line":29,"column":45},"end":{"line":34,"column":1}}}},"branchMap":{"0":{"loc":{"start":{"line":25,"column":12},"end":{"line":25,"column":26}},"type":"binary-expr","locations":[{"start":{"line":25,"column":12},"end":{"line":25,"column":26}},{"start":{"line":25,"column":30},"end":{"line":25,"column":33}}]},"1":{"loc":{"start":{"line":30,"column":2},"end":{"line":32,"column":null}},"type":"if","locations":[{"start":{"line":30,"column":2},"end":{"line":32,"column":null}},{"start":{"line":30,"column":2},"end":{"line":32,"column":null}}]}},"s":{"0":1,"1":1,"2":1,"3":1,"4":1,"5":1,"6":1,"7":1,"8":0,"9":0,"10":0,"11":1},"f":{"0":1,"1":1,"2":1,"3":0},"b":{"0":[1,0],"1":[0,0]}}
}
