{"C:\\coding\\fullstack\\reddit-clone\\api\\src\\server.ts": {"path":"C:\\coding\\fullstack\\reddit-clone\\api\\src\\server.ts","statementMap":{"0":{"start":{"line":1,"column":0},"end":{"line":1,"column":30}},"1":{"start":{"line":2,"column":0},"end":{"line":2,"column":46}},"2":{"start":{"line":3,"column":0},"end":{"line":3,"column":28}},"3":{"start":{"line":4,"column":0},"end":{"line":4,"column":28}},"4":{"start":{"line":5,"column":0},"end":{"line":5,"column":45}},"5":{"start":{"line":6,"column":0},"end":{"line":6,"column":24}},"6":{"start":{"line":7,"column":0},"end":{"line":7,"column":32}},"7":{"start":{"line":8,"column":0},"end":{"line":8,"column":41}},"8":{"start":{"line":9,"column":0},"end":{"line":9,"column":45}},"9":{"start":{"line":10,"column":0},"end":{"line":10,"column":43}},"10":{"start":{"line":11,"column":0},"end":{"line":11,"column":51}},"11":{"start":{"line":12,"column":0},"end":{"line":12,"column":46}},"12":{"start":{"line":14,"column":0},"end":{"line":14,"column":16}},"13":{"start":{"line":16,"column":13},"end":{"line":16,"column":41}},"14":{"start":{"line":17,"column":13},"end":{"line":17,"column":29}},"15":{"start":{"line":20,"column":0},"end":{"line":20,"column":16}},"16":{"start":{"line":21,"column":0},"end":{"line":21,"column":24}},"17":{"start":{"line":22,"column":0},"end":{"line":22,"column":48}},"18":{"start":{"line":23,"column":0},"end":{"line":23,"column":14}},"19":{"start":{"line":24,"column":0},"end":{"line":24,"column":24}},"20":{"start":{"line":26,"column":0},"end":{"line":28,"column":null}},"21":{"start":{"line":27,"column":2},"end":{"line":27,"column":25}},"22":{"start":{"line":31,"column":0},"end":{"line":31,"column":36}},"23":{"start":{"line":32,"column":0},"end":{"line":32,"column":37}},"24":{"start":{"line":33,"column":0},"end":{"line":33,"column":35}},"25":{"start":{"line":34,"column":0},"end":{"line":34,"column":67}},"26":{"start":{"line":37,"column":0},"end":{"line":37,"column":21}},"27":{"start":{"line":39,"column":0},"end":{"line":41,"column":3}},"28":{"start":{"line":40,"column":2},"end":{"line":40,"column":53}}},"fnMap":{"0":{"name":"(anonymous_1)","decl":{"start":{"line":39,"column":29},"end":{"line":39,"column":32}},"loc":{"start":{"line":39,"column":34},"end":{"line":41,"column":1}}}},"branchMap":{"0":{"loc":{"start":{"line":26,"column":0},"end":{"line":28,"column":null}},"type":"if","locations":[{"start":{"line":26,"column":0},"end":{"line":28,"column":null}},{"start":{"line":26,"column":0},"end":{"line":28,"column":null}}]}},"s":{"0":1,"1":1,"2":1,"3":1,"4":1,"5":1,"6":1,"7":1,"8":1,"9":1,"10":1,"11":1,"12":1,"13":1,"14":1,"15":1,"16":1,"17":1,"18":1,"19":1,"20":1,"21":0,"22":1,"23":1,"24":1,"25":1,"26":1,"27":1,"28":1},"f":{"0":1},"b":{"0":[0,1]}}
,"C:\\coding\\fullstack\\reddit-clone\\api\\src\\controllers\\authController.ts": {"path":"C:\\coding\\fullstack\\reddit-clone\\api\\src\\controllers\\authController.ts","statementMap":{"0":{"start":{"line":2,"column":0},"end":{"line":2,"column":35}},"1":{"start":{"line":3,"column":0},"end":{"line":3,"column":77}},"2":{"start":{"line":4,"column":0},"end":{"line":4,"column":47}},"3":{"start":{"line":5,"column":0},"end":{"line":5,"column":28}},"4":{"start":{"line":6,"column":0},"end":{"line":6,"column":31}},"5":{"start":{"line":7,"column":0},"end":{"line":7,"column":28}},"6":{"start":{"line":10,"column":13},"end":{"line":19,"column":2}},"7":{"start":{"line":34,"column":22},"end":{"line":47,"column":1}},"8":{"start":{"line":35,"column":23},"end":{"line":40,"column":4}},"9":{"start":{"line":41,"column":2},"end":{"line":45,"column":null}},"10":{"start":{"line":42,"column":4},"end":{"line":42,"column":34}},"11":{"start":{"line":43,"column":9},"end":{"line":45,"column":null}},"12":{"start":{"line":44,"column":4},"end":{"line":44,"column":26}},"13":{"start":{"line":46,"column":2},"end":{"line":46,"column":17}},"14":{"start":{"line":49,"column":22},"end":{"line":51,"column":1}},"15":{"start":{"line":50,"column":2},"end":{"line":50,"column":58}},"16":{"start":{"line":53,"column":0},"end":{"line":169,"column":2}},"17":{"start":{"line":54,"column":50},"end":{"line":115,"column":null}},"18":{"start":{"line":61,"column":19},"end":{"line":61,"column":27}},"19":{"start":{"line":63,"column":30},"end":{"line":68,"column":null}},"20":{"start":{"line":71,"column":4},"end":{"line":73,"column":null}},"21":{"start":{"line":72,"column":6},"end":{"line":72,"column":69}},"22":{"start":{"line":75,"column":4},"end":{"line":90,"column":null}},"23":{"start":{"line":76,"column":19},"end":{"line":78,"column":8}},"24":{"start":{"line":80,"column":6},"end":{"line":85,"column":null}},"25":{"start":{"line":81,"column":8},"end":{"line":84,"column":11}},"26":{"start":{"line":87,"column":6},"end":{"line":89,"column":9}},"27":{"start":{"line":93,"column":17},"end":{"line":93,"column":39}},"28":{"start":{"line":94,"column":4},"end":{"line":94,"column":49}},"29":{"start":{"line":96,"column":4},"end":{"line":112,"column":null}},"30":{"start":{"line":97,"column":6},"end":{"line":106,"column":9}},"31":{"start":{"line":108,"column":6},"end":{"line":108,"column":23}},"32":{"start":{"line":109,"column":6},"end":{"line":111,"column":9}},"33":{"start":{"line":114,"column":4},"end":{"line":114,"column":19}},"34":{"start":{"line":117,"column":47},"end":{"line":155,"column":null}},"35":{"start":{"line":118,"column":43},"end":{"line":118,"column":51}},"36":{"start":{"line":120,"column":30},"end":{"line":120,"column":65}},"37":{"start":{"line":122,"column":4},"end":{"line":124,"column":null}},"38":{"start":{"line":123,"column":6},"end":{"line":123,"column":69}},"39":{"start":{"line":128,"column":4},"end":{"line":154,"column":null}},"40":{"start":{"line":129,"column":6},"end":{"line":129,"column":68}},"41":{"start":{"line":130,"column":6},"end":{"line":134,"column":null}},"42":{"start":{"line":131,"column":8},"end":{"line":133,"column":11}},"43":{"start":{"line":136,"column":30},"end":{"line":136,"column":75}},"44":{"start":{"line":137,"column":6},"end":{"line":141,"column":null}},"45":{"start":{"line":138,"column":8},"end":{"line":140,"column":11}},"46":{"start":{"line":143,"column":6},"end":{"line":143,"column":34}},"47":{"start":{"line":144,"column":6},"end":{"line":147,"column":8}},"48":{"start":{"line":149,"column":6},"end":{"line":149,"column":28}},"49":{"start":{"line":151,"column":6},"end":{"line":153,"column":9}},"50":{"start":{"line":157,"column":42},"end":{"line":159,"column":null}},"51":{"start":{"line":158,"column":4},"end":{"line":158,"column":37}},"52":{"start":{"line":161,"column":46},"end":{"line":168,"column":null}},"53":{"start":{"line":162,"column":4},"end":{"line":165,"column":6}},"54":{"start":{"line":167,"column":4},"end":{"line":167,"column":51}}},"fnMap":{"0":{"name":"(anonymous_8)","decl":{"start":{"line":34,"column":22},"end":{"line":34,"column":23}},"loc":{"start":{"line":34,"column":40},"end":{"line":47,"column":1}}},"1":{"name":"(anonymous_9)","decl":{"start":{"line":49,"column":22},"end":{"line":49,"column":23}},"loc":{"start":{"line":49,"column":46},"end":{"line":51,"column":1}}},"2":{"name":"(anonymous_10)","decl":{"start":{"line":54,"column":12},"end":{"line":54,"column":19}},"loc":{"start":{"line":54,"column":50},"end":{"line":115,"column":null}}},"3":{"name":"(anonymous_11)","decl":{"start":{"line":54,"column":50},"end":{"line":54,"column":null}},"loc":{"start":{"line":54,"column":50},"end":{"line":115,"column":3}}},"4":{"name":"(anonymous_12)","decl":{"start":{"line":117,"column":9},"end":{"line":117,"column":16}},"loc":{"start":{"line":117,"column":47},"end":{"line":155,"column":null}}},"5":{"name":"(anonymous_13)","decl":{"start":{"line":117,"column":47},"end":{"line":117,"column":null}},"loc":{"start":{"line":117,"column":47},"end":{"line":155,"column":3}}},"6":{"name":"(anonymous_14)","decl":{"start":{"line":157,"column":6},"end":{"line":157,"column":13}},"loc":{"start":{"line":157,"column":42},"end":{"line":159,"column":null}}},"7":{"name":"(anonymous_15)","decl":{"start":{"line":157,"column":42},"end":{"line":157,"column":null}},"loc":{"start":{"line":157,"column":42},"end":{"line":159,"column":3}}},"8":{"name":"(anonymous_16)","decl":{"start":{"line":161,"column":10},"end":{"line":161,"column":17}},"loc":{"start":{"line":161,"column":46},"end":{"line":168,"column":null}}},"9":{"name":"(anonymous_17)","decl":{"start":{"line":161,"column":46},"end":{"line":161,"column":null}},"loc":{"start":{"line":161,"column":46},"end":{"line":168,"column":3}}}},"branchMap":{"0":{"loc":{"start":{"line":41,"column":2},"end":{"line":45,"column":null}},"type":"if","locations":[{"start":{"line":41,"column":2},"end":{"line":45,"column":null}},{"start":{"line":41,"column":2},"end":{"line":45,"column":null}}]},"1":{"loc":{"start":{"line":43,"column":9},"end":{"line":45,"column":null}},"type":"if","locations":[{"start":{"line":43,"column":9},"end":{"line":45,"column":null}},{"start":{"line":43,"column":9},"end":{"line":45,"column":null}}]},"2":{"loc":{"start":{"line":71,"column":4},"end":{"line":73,"column":null}},"type":"if","locations":[{"start":{"line":71,"column":4},"end":{"line":73,"column":null}},{"start":{"line":71,"column":4},"end":{"line":73,"column":null}}]},"3":{"loc":{"start":{"line":80,"column":6},"end":{"line":85,"column":null}},"type":"if","locations":[{"start":{"line":80,"column":6},"end":{"line":85,"column":null}},{"start":{"line":80,"column":6},"end":{"line":85,"column":null}}]},"4":{"loc":{"start":{"line":122,"column":4},"end":{"line":124,"column":null}},"type":"if","locations":[{"start":{"line":122,"column":4},"end":{"line":124,"column":null}},{"start":{"line":122,"column":4},"end":{"line":124,"column":null}}]},"5":{"loc":{"start":{"line":130,"column":6},"end":{"line":134,"column":null}},"type":"if","locations":[{"start":{"line":130,"column":6},"end":{"line":134,"column":null}},{"start":{"line":130,"column":6},"end":{"line":134,"column":null}}]},"6":{"loc":{"start":{"line":137,"column":6},"end":{"line":141,"column":null}},"type":"if","locations":[{"start":{"line":137,"column":6},"end":{"line":141,"column":null}},{"start":{"line":137,"column":6},"end":{"line":141,"column":null}}]}},"s":{"0":1,"1":1,"2":1,"3":1,"4":1,"5":1,"6":1,"7":1,"8":0,"9":0,"10":0,"11":0,"12":0,"13":0,"14":1,"15":0,"16":1,"17":0,"18":0,"19":0,"20":0,"21":0,"22":0,"23":0,"24":0,"25":0,"26":0,"27":0,"28":0,"29":0,"30":0,"31":0,"32":0,"33":0,"34":0,"35":0,"36":0,"37":0,"38":0,"39":0,"40":0,"41":0,"42":0,"43":0,"44":0,"45":0,"46":0,"47":0,"48":0,"49":0,"50":0,"51":0,"52":0,"53":0,"54":0},"f":{"0":0,"1":0,"2":0,"3":0,"4":0,"5":0,"6":0,"7":0,"8":0,"9":0},"b":{"0":[0,0],"1":[0,0],"2":[0,0],"3":[0,0],"4":[0,0],"5":[0,0],"6":[0,0]}}
,"C:\\coding\\fullstack\\reddit-clone\\api\\src\\controllers\\commentController.ts": {"path":"C:\\coding\\fullstack\\reddit-clone\\api\\src\\controllers\\commentController.ts","statementMap":{"0":{"start":{"line":2,"column":0},"end":{"line":2,"column":34}},"1":{"start":{"line":3,"column":0},"end":{"line":3,"column":35}},"2":{"start":{"line":4,"column":0},"end":{"line":4,"column":47}},"3":{"start":{"line":6,"column":0},"end":{"line":6,"column":42}},"4":{"start":{"line":8,"column":0},"end":{"line":45,"column":2}},"5":{"start":{"line":9,"column":55},"end":{"line":44,"column":null}},"6":{"start":{"line":10,"column":38},"end":{"line":10,"column":48}},"7":{"start":{"line":11,"column":25},"end":{"line":11,"column":38}},"8":{"start":{"line":12,"column":24},"end":{"line":12,"column":39}},"9":{"start":{"line":14,"column":4},"end":{"line":17,"column":9}},"10":{"start":{"line":15,"column":6},"end":{"line":17,"column":9}},"11":{"start":{"line":19,"column":4},"end":{"line":43,"column":null}},"12":{"start":{"line":20,"column":19},"end":{"line":22,"column":8}},"13":{"start":{"line":24,"column":6},"end":{"line":26,"column":null}},"14":{"start":{"line":25,"column":8},"end":{"line":25,"column":45}},"15":{"start":{"line":28,"column":32},"end":{"line":28,"column":41}},"16":{"start":{"line":30,"column":22},"end":{"line":38,"column":8}},"17":{"start":{"line":40,"column":6},"end":{"line":40,"column":31}},"18":{"start":{"line":42,"column":6},"end":{"line":42,"column":75}}},"fnMap":{"0":{"name":"(anonymous_8)","decl":{"start":{"line":9,"column":17},"end":{"line":9,"column":24}},"loc":{"start":{"line":9,"column":55},"end":{"line":44,"column":null}}},"1":{"name":"(anonymous_9)","decl":{"start":{"line":9,"column":55},"end":{"line":9,"column":null}},"loc":{"start":{"line":9,"column":55},"end":{"line":44,"column":3}}}},"branchMap":{"0":{"loc":{"start":{"line":14,"column":4},"end":{"line":17,"column":9}},"type":"if","locations":[{"start":{"line":14,"column":4},"end":{"line":17,"column":9}},{"start":{"line":14,"column":4},"end":{"line":17,"column":9}}]},"1":{"loc":{"start":{"line":24,"column":6},"end":{"line":26,"column":null}},"type":"if","locations":[{"start":{"line":24,"column":6},"end":{"line":26,"column":null}},{"start":{"line":24,"column":6},"end":{"line":26,"column":null}}]}},"s":{"0":1,"1":1,"2":1,"3":1,"4":1,"5":0,"6":0,"7":0,"8":0,"9":0,"10":0,"11":0,"12":0,"13":0,"14":0,"15":0,"16":0,"17":0,"18":0},"f":{"0":0,"1":0},"b":{"0":[0,0],"1":[0,0]}}
,"C:\\coding\\fullstack\\reddit-clone\\api\\src\\controllers\\penjumlahan.ts": {"path":"C:\\coding\\fullstack\\reddit-clone\\api\\src\\controllers\\penjumlahan.ts","statementMap":{"0":{"start":{"line":2,"column":2},"end":{"line":2,"column":15}},"1":{"start":{"line":1,"column":0},"end":{"line":1,"column":16}},"2":{"start":{"line":6,"column":2},"end":{"line":6,"column":20}},"3":{"start":{"line":5,"column":0},"end":{"line":5,"column":16}}},"fnMap":{"0":{"name":"penjumlahan","decl":{"start":{"line":1,"column":16},"end":{"line":1,"column":27}},"loc":{"start":{"line":1,"column":48},"end":{"line":3,"column":1}}},"1":{"name":"cloneArray","decl":{"start":{"line":5,"column":16},"end":{"line":5,"column":26}},"loc":{"start":{"line":5,"column":42},"end":{"line":7,"column":1}}}},"branchMap":{},"s":{"0":1,"1":1,"2":1,"3":1},"f":{"0":1,"1":1},"b":{}}
,"C:\\coding\\fullstack\\reddit-clone\\api\\src\\controllers\\postController.ts": {"path":"C:\\coding\\fullstack\\reddit-clone\\api\\src\\controllers\\postController.ts","statementMap":{"0":{"start":{"line":2,"column":0},"end":{"line":2,"column":35}},"1":{"start":{"line":3,"column":0},"end":{"line":3,"column":47}},"2":{"start":{"line":5,"column":0},"end":{"line":5,"column":51}},"3":{"start":{"line":6,"column":0},"end":{"line":6,"column":40}},"4":{"start":{"line":8,"column":0},"end":{"line":99,"column":2}},"5":{"start":{"line":9,"column":52},"end":{"line":56,"column":null}},"6":{"start":{"line":14,"column":61},"end":{"line":14,"column":69}},"7":{"start":{"line":15,"column":24},"end":{"line":15,"column":39}},"8":{"start":{"line":17,"column":4},"end":{"line":21,"column":null}},"9":{"start":{"line":18,"column":6},"end":{"line":20,"column":9}},"10":{"start":{"line":23,"column":4},"end":{"line":55,"column":null}},"11":{"start":{"line":25,"column":19},"end":{"line":25,"column":73}},"12":{"start":{"line":26,"column":6},"end":{"line":30,"column":null}},"13":{"start":{"line":27,"column":8},"end":{"line":29,"column":11}},"14":{"start":{"line":33,"column":19},"end":{"line":33,"column":33}},"15":{"start":{"line":34,"column":25},"end":{"line":34,"column":34}},"16":{"start":{"line":38,"column":19},"end":{"line":48,"column":8}},"17":{"start":{"line":49,"column":6},"end":{"line":49,"column":40}},"18":{"start":{"line":51,"column":6},"end":{"line":51,"column":23}},"19":{"start":{"line":52,"column":6},"end":{"line":54,"column":9}},"20":{"start":{"line":58,"column":50},"end":{"line":78,"column":null}},"21":{"start":{"line":59,"column":4},"end":{"line":77,"column":null}},"22":{"start":{"line":60,"column":20},"end":{"line":68,"column":8}},"23":{"start":{"line":69,"column":6},"end":{"line":71,"column":null}},"24":{"start":{"line":70,"column":8},"end":{"line":70,"column":44}},"25":{"start":{"line":72,"column":6},"end":{"line":72,"column":29}},"26":{"start":{"line":74,"column":6},"end":{"line":76,"column":9}},"27":{"start":{"line":80,"column":49},"end":{"line":98,"column":null}},"28":{"start":{"line":81,"column":38},"end":{"line":81,"column":48}},"29":{"start":{"line":83,"column":4},"end":{"line":97,"column":null}},"30":{"start":{"line":84,"column":19},"end":{"line":87,"column":8}},"31":{"start":{"line":89,"column":6},"end":{"line":91,"column":null}},"32":{"start":{"line":90,"column":8},"end":{"line":90,"column":42}},"33":{"start":{"line":92,"column":6},"end":{"line":92,"column":28}},"34":{"start":{"line":94,"column":6},"end":{"line":96,"column":9}}},"fnMap":{"0":{"name":"(anonymous_7)","decl":{"start":{"line":9,"column":14},"end":{"line":9,"column":21}},"loc":{"start":{"line":9,"column":52},"end":{"line":56,"column":null}}},"1":{"name":"(anonymous_8)","decl":{"start":{"line":9,"column":52},"end":{"line":9,"column":null}},"loc":{"start":{"line":9,"column":52},"end":{"line":56,"column":3}}},"2":{"name":"(anonymous_9)","decl":{"start":{"line":58,"column":12},"end":{"line":58,"column":19}},"loc":{"start":{"line":58,"column":50},"end":{"line":78,"column":null}}},"3":{"name":"(anonymous_10)","decl":{"start":{"line":58,"column":50},"end":{"line":58,"column":null}},"loc":{"start":{"line":58,"column":50},"end":{"line":78,"column":3}}},"4":{"name":"(anonymous_11)","decl":{"start":{"line":80,"column":11},"end":{"line":80,"column":18}},"loc":{"start":{"line":80,"column":49},"end":{"line":98,"column":null}}},"5":{"name":"(anonymous_12)","decl":{"start":{"line":80,"column":49},"end":{"line":80,"column":null}},"loc":{"start":{"line":80,"column":49},"end":{"line":98,"column":3}}}},"branchMap":{"0":{"loc":{"start":{"line":17,"column":4},"end":{"line":21,"column":null}},"type":"if","locations":[{"start":{"line":17,"column":4},"end":{"line":21,"column":null}},{"start":{"line":17,"column":4},"end":{"line":21,"column":null}}]},"1":{"loc":{"start":{"line":26,"column":6},"end":{"line":30,"column":null}},"type":"if","locations":[{"start":{"line":26,"column":6},"end":{"line":30,"column":null}},{"start":{"line":26,"column":6},"end":{"line":30,"column":null}}]},"2":{"loc":{"start":{"line":69,"column":6},"end":{"line":71,"column":null}},"type":"if","locations":[{"start":{"line":69,"column":6},"end":{"line":71,"column":null}},{"start":{"line":69,"column":6},"end":{"line":71,"column":null}}]},"3":{"loc":{"start":{"line":89,"column":6},"end":{"line":91,"column":null}},"type":"if","locations":[{"start":{"line":89,"column":6},"end":{"line":91,"column":null}},{"start":{"line":89,"column":6},"end":{"line":91,"column":null}}]}},"s":{"0":1,"1":1,"2":1,"3":1,"4":1,"5":0,"6":0,"7":0,"8":0,"9":0,"10":0,"11":0,"12":0,"13":0,"14":0,"15":0,"16":0,"17":0,"18":0,"19":0,"20":0,"21":0,"22":0,"23":0,"24":0,"25":0,"26":0,"27":0,"28":0,"29":0,"30":0,"31":0,"32":0,"33":0,"34":0},"f":{"0":0,"1":0,"2":0,"3":0,"4":0,"5":0},"b":{"0":[0,0],"1":[0,0],"2":[0,0],"3":[0,0]}}
,"C:\\coding\\fullstack\\reddit-clone\\api\\src\\controllers\\subController.ts": {"path":"C:\\coding\\fullstack\\reddit-clone\\api\\src\\controllers\\subController.ts","statementMap":{"0":{"start":{"line":2,"column":0},"end":{"line":2,"column":34}},"1":{"start":{"line":3,"column":0},"end":{"line":3,"column":35}},"2":{"start":{"line":4,"column":0},"end":{"line":4,"column":47}},"3":{"start":{"line":13,"column":0},"end":{"line":49,"column":2}},"4":{"start":{"line":14,"column":51},"end":{"line":48,"column":null}},"5":{"start":{"line":15,"column":31},"end":{"line":15,"column":33}},"6":{"start":{"line":16,"column":24},"end":{"line":16,"column":39}},"7":{"start":{"line":21,"column":62},"end":{"line":21,"column":70}},"8":{"start":{"line":22,"column":4},"end":{"line":22,"column":75}},"9":{"start":{"line":22,"column":34},"end":{"line":22,"column":75}},"10":{"start":{"line":23,"column":4},"end":{"line":23,"column":72}},"11":{"start":{"line":23,"column":33},"end":{"line":23,"column":72}},"12":{"start":{"line":25,"column":4},"end":{"line":27,"column":null}},"13":{"start":{"line":26,"column":6},"end":{"line":26,"column":69}},"14":{"start":{"line":29,"column":4},"end":{"line":47,"column":null}},"15":{"start":{"line":30,"column":22},"end":{"line":30,"column":70}},"16":{"start":{"line":32,"column":6},"end":{"line":36,"column":null}},"17":{"start":{"line":33,"column":8},"end":{"line":35,"column":11}},"18":{"start":{"line":38,"column":18},"end":{"line":40,"column":8}},"19":{"start":{"line":41,"column":6},"end":{"line":41,"column":27}},"20":{"start":{"line":43,"column":6},"end":{"line":43,"column":23}},"21":{"start":{"line":44,"column":6},"end":{"line":46,"column":9}}},"fnMap":{"0":{"name":"(anonymous_8)","decl":{"start":{"line":14,"column":13},"end":{"line":14,"column":20}},"loc":{"start":{"line":14,"column":51},"end":{"line":48,"column":null}}},"1":{"name":"(anonymous_9)","decl":{"start":{"line":14,"column":51},"end":{"line":14,"column":null}},"loc":{"start":{"line":14,"column":51},"end":{"line":48,"column":3}}}},"branchMap":{"0":{"loc":{"start":{"line":22,"column":4},"end":{"line":22,"column":75}},"type":"if","locations":[{"start":{"line":22,"column":4},"end":{"line":22,"column":75}},{"start":{"line":22,"column":4},"end":{"line":22,"column":75}}]},"1":{"loc":{"start":{"line":23,"column":4},"end":{"line":23,"column":72}},"type":"if","locations":[{"start":{"line":23,"column":4},"end":{"line":23,"column":72}},{"start":{"line":23,"column":4},"end":{"line":23,"column":72}}]},"2":{"loc":{"start":{"line":25,"column":4},"end":{"line":27,"column":null}},"type":"if","locations":[{"start":{"line":25,"column":4},"end":{"line":27,"column":null}},{"start":{"line":25,"column":4},"end":{"line":27,"column":null}}]},"3":{"loc":{"start":{"line":32,"column":6},"end":{"line":36,"column":null}},"type":"if","locations":[{"start":{"line":32,"column":6},"end":{"line":36,"column":null}},{"start":{"line":32,"column":6},"end":{"line":36,"column":null}}]}},"s":{"0":1,"1":1,"2":1,"3":1,"4":0,"5":0,"6":0,"7":0,"8":0,"9":0,"10":0,"11":0,"12":0,"13":0,"14":0,"15":0,"16":0,"17":0,"18":0,"19":0,"20":0,"21":0},"f":{"0":0,"1":0},"b":{"0":[0,0],"1":[0,0],"2":[0,0],"3":[0,0]}}
,"C:\\coding\\fullstack\\reddit-clone\\api\\src\\routes\\authRoutes.ts": {"path":"C:\\coding\\fullstack\\reddit-clone\\api\\src\\routes\\authRoutes.ts","statementMap":{"0":{"start":{"line":1,"column":0},"end":{"line":1,"column":33}},"1":{"start":{"line":2,"column":0},"end":{"line":2,"column":59}},"2":{"start":{"line":3,"column":0},"end":{"line":3,"column":47}},"3":{"start":{"line":5,"column":15},"end":{"line":5,"column":23}},"4":{"start":{"line":7,"column":0},"end":{"line":7,"column":50}},"5":{"start":{"line":8,"column":0},"end":{"line":8,"column":44}},"6":{"start":{"line":9,"column":0},"end":{"line":9,"column":48}},"7":{"start":{"line":10,"column":0},"end":{"line":10,"column":56}},"8":{"start":{"line":12,"column":0},"end":{"line":12,"column":22}}},"fnMap":{},"branchMap":{},"s":{"0":1,"1":1,"2":1,"3":1,"4":1,"5":1,"6":1,"7":1,"8":1},"f":{},"b":{}}
,"C:\\coding\\fullstack\\reddit-clone\\api\\src\\routes\\commentRoutes.ts": {"path":"C:\\coding\\fullstack\\reddit-clone\\api\\src\\routes\\commentRoutes.ts","statementMap":{"0":{"start":{"line":1,"column":0},"end":{"line":1,"column":33}},"1":{"start":{"line":2,"column":0},"end":{"line":2,"column":65}},"2":{"start":{"line":3,"column":0},"end":{"line":3,"column":47}},"3":{"start":{"line":5,"column":15},"end":{"line":5,"column":23}},"4":{"start":{"line":7,"column":0},"end":{"line":7,"column":61}},"5":{"start":{"line":9,"column":0},"end":{"line":9,"column":22}}},"fnMap":{},"branchMap":{},"s":{"0":1,"1":1,"2":1,"3":1,"4":1,"5":1},"f":{},"b":{}}
,"C:\\coding\\fullstack\\reddit-clone\\api\\src\\routes\\postRoutes.ts": {"path":"C:\\coding\\fullstack\\reddit-clone\\api\\src\\routes\\postRoutes.ts","statementMap":{"0":{"start":{"line":1,"column":0},"end":{"line":1,"column":33}},"1":{"start":{"line":2,"column":0},"end":{"line":2,"column":47}},"2":{"start":{"line":3,"column":0},"end":{"line":3,"column":59}},"3":{"start":{"line":5,"column":15},"end":{"line":5,"column":23}},"4":{"start":{"line":7,"column":0},"end":{"line":7,"column":55}},"5":{"start":{"line":8,"column":0},"end":{"line":8,"column":41}},"6":{"start":{"line":9,"column":0},"end":{"line":9,"column":57}},"7":{"start":{"line":11,"column":0},"end":{"line":11,"column":22}}},"fnMap":{},"branchMap":{},"s":{"0":1,"1":1,"2":1,"3":1,"4":1,"5":1,"6":1,"7":1},"f":{},"b":{}}
,"C:\\coding\\fullstack\\reddit-clone\\api\\src\\routes\\subRoutes.ts": {"path":"C:\\coding\\fullstack\\reddit-clone\\api\\src\\routes\\subRoutes.ts","statementMap":{"0":{"start":{"line":1,"column":0},"end":{"line":1,"column":33}},"1":{"start":{"line":2,"column":0},"end":{"line":2,"column":57}},"2":{"start":{"line":3,"column":0},"end":{"line":3,"column":47}},"3":{"start":{"line":5,"column":15},"end":{"line":5,"column":23}},"4":{"start":{"line":7,"column":0},"end":{"line":7,"column":53}},"5":{"start":{"line":9,"column":0},"end":{"line":9,"column":22}}},"fnMap":{},"branchMap":{},"s":{"0":1,"1":1,"2":1,"3":1,"4":1,"5":1},"f":{},"b":{}}
,"C:\\coding\\fullstack\\reddit-clone\\api\\src\\utils\\authValidator.ts": {"path":"C:\\coding\\fullstack\\reddit-clone\\api\\src\\utils\\authValidator.ts","statementMap":{"0":{"start":{"line":1,"column":0},"end":{"line":1,"column":34}},"1":{"start":{"line":16,"column":34},"end":{"line":48,"column":1}},"2":{"start":{"line":23,"column":32},"end":{"line":23,"column":34}},"3":{"start":{"line":25,"column":2},"end":{"line":27,"column":11}},"4":{"start":{"line":28,"column":2},"end":{"line":30,"column":11}},"5":{"start":{"line":31,"column":2},"end":{"line":33,"column":11}},"6":{"start":{"line":34,"column":2},"end":{"line":34,"column":76}},"7":{"start":{"line":35,"column":2},"end":{"line":37,"column":11}},"8":{"start":{"line":40,"column":2},"end":{"line":42,"column":null}},"9":{"start":{"line":41,"column":4},"end":{"line":41,"column":37}},"10":{"start":{"line":44,"column":2},"end":{"line":47,"column":4}},"11":{"start":{"line":16,"column":13},"end":{"line":16,"column":34}},"12":{"start":{"line":50,"column":31},"end":{"line":64,"column":1}},"13":{"start":{"line":51,"column":29},"end":{"line":51,"column":31}},"14":{"start":{"line":53,"column":2},"end":{"line":55,"column":11}},"15":{"start":{"line":56,"column":2},"end":{"line":58,"column":11}},"16":{"start":{"line":60,"column":2},"end":{"line":63,"column":4}},"17":{"start":{"line":50,"column":13},"end":{"line":50,"column":31}}},"fnMap":{"0":{"name":"(anonymous_1)","decl":{"start":{"line":16,"column":34},"end":{"line":16,"column":null}},"loc":{"start":{"line":22,"column":4},"end":{"line":48,"column":1}}},"1":{"name":"(anonymous_2)","decl":{"start":{"line":50,"column":31},"end":{"line":50,"column":32}},"loc":{"start":{"line":50,"column":70},"end":{"line":64,"column":1}}}},"branchMap":{"0":{"loc":{"start":{"line":26,"column":7},"end":{"line":26,"column":50}},"type":"cond-expr","locations":[{"start":{"line":26,"column":7},"end":{"line":26,"column":50}},{"start":{"line":27,"column":6},"end":{"line":27,"column":10}}]},"1":{"loc":{"start":{"line":29,"column":7},"end":{"line":29,"column":54}},"type":"cond-expr","locations":[{"start":{"line":29,"column":7},"end":{"line":29,"column":54}},{"start":{"line":30,"column":6},"end":{"line":30,"column":10}}]},"2":{"loc":{"start":{"line":32,"column":7},"end":{"line":32,"column":52}},"type":"cond-expr","locations":[{"start":{"line":32,"column":7},"end":{"line":32,"column":52}},{"start":{"line":33,"column":6},"end":{"line":33,"column":10}}]},"3":{"loc":{"start":{"line":34,"column":30},"end":{"line":34,"column":67}},"type":"cond-expr","locations":[{"start":{"line":34,"column":30},"end":{"line":34,"column":67}},{"start":{"line":34,"column":71},"end":{"line":34,"column":75}}]},"4":{"loc":{"start":{"line":36,"column":7},"end":{"line":36,"column":50}},"type":"cond-expr","locations":[{"start":{"line":36,"column":7},"end":{"line":36,"column":50}},{"start":{"line":37,"column":6},"end":{"line":37,"column":10}}]},"5":{"loc":{"start":{"line":40,"column":2},"end":{"line":42,"column":null}},"type":"if","locations":[{"start":{"line":40,"column":2},"end":{"line":42,"column":null}},{"start":{"line":40,"column":2},"end":{"line":42,"column":null}}]},"6":{"loc":{"start":{"line":46,"column":44},"end":{"line":46,"column":48}},"type":"cond-expr","locations":[{"start":{"line":46,"column":44},"end":{"line":46,"column":48}},{"start":{"line":46,"column":51},"end":{"line":46,"column":56}}]},"7":{"loc":{"start":{"line":54,"column":7},"end":{"line":54,"column":50}},"type":"cond-expr","locations":[{"start":{"line":54,"column":7},"end":{"line":54,"column":50}},{"start":{"line":55,"column":6},"end":{"line":55,"column":10}}]},"8":{"loc":{"start":{"line":57,"column":7},"end":{"line":57,"column":50}},"type":"cond-expr","locations":[{"start":{"line":57,"column":7},"end":{"line":57,"column":50}},{"start":{"line":58,"column":6},"end":{"line":58,"column":10}}]},"9":{"loc":{"start":{"line":62,"column":44},"end":{"line":62,"column":48}},"type":"cond-expr","locations":[{"start":{"line":62,"column":44},"end":{"line":62,"column":48}},{"start":{"line":62,"column":51},"end":{"line":62,"column":56}}]}},"s":{"0":1,"1":1,"2":0,"3":0,"4":0,"5":0,"6":0,"7":0,"8":0,"9":0,"10":0,"11":1,"12":1,"13":0,"14":0,"15":0,"16":0,"17":1},"f":{"0":0,"1":0},"b":{"0":[0,0],"1":[0,0],"2":[0,0],"3":[0,0],"4":[0,0],"5":[0,0],"6":[0,0],"7":[0,0],"8":[0,0],"9":[0,0]}}
,"C:\\coding\\fullstack\\reddit-clone\\api\\src\\utils\\catchError.ts": {"path":"C:\\coding\\fullstack\\reddit-clone\\api\\src\\utils\\catchError.ts","statementMap":{"0":{"start":{"line":5,"column":12},"end":{"line":5,"column":24}},"1":{"start":{"line":6,"column":12},"end":{"line":6,"column":25}},"2":{"start":{"line":7,"column":12},"end":{"line":7,"column":30}},"3":{"start":{"line":8,"column":12},"end":{"line":8,"column":27}},"4":{"start":{"line":9,"column":12},"end":{"line":9,"column":26}},"5":{"start":{"line":11,"column":4},"end":{"line":14,"column":7}},"6":{"start":{"line":3,"column":0},"end":{"line":3,"column":13}}},"fnMap":{"0":{"name":"(anonymous_0)","decl":{"start":{"line":4,"column":2},"end":{"line":4,"column":null}},"loc":{"start":{"line":9,"column":26},"end":{"line":15,"column":3}}}},"branchMap":{},"s":{"0":0,"1":0,"2":0,"3":0,"4":0,"5":0,"6":1},"f":{"0":0},"b":{}}
,"C:\\coding\\fullstack\\reddit-clone\\api\\src\\utils\\checkAuth.ts": {"path":"C:\\coding\\fullstack\\reddit-clone\\api\\src\\utils\\checkAuth.ts","statementMap":{"0":{"start":{"line":2,"column":0},"end":{"line":2,"column":31}},"1":{"start":{"line":3,"column":0},"end":{"line":3,"column":35}},"2":{"start":{"line":4,"column":0},"end":{"line":4,"column":47}},"3":{"start":{"line":5,"column":0},"end":{"line":5,"column":53}},"4":{"start":{"line":7,"column":25},"end":{"line":28,"column":2}},"5":{"start":{"line":11,"column":4},"end":{"line":28,"column":2}},"6":{"start":{"line":13,"column":2},"end":{"line":27,"column":null}},"7":{"start":{"line":14,"column":45},"end":{"line":14,"column":62}},"8":{"start":{"line":15,"column":4},"end":{"line":15,"column":51}},"9":{"start":{"line":15,"column":16},"end":{"line":15,"column":51}},"10":{"start":{"line":17,"column":26},"end":{"line":17,"column":68}},"11":{"start":{"line":19,"column":4},"end":{"line":19,"column":80}},"12":{"start":{"line":20,"column":4},"end":{"line":20,"column":50}},"13":{"start":{"line":20,"column":15},"end":{"line":20,"column":50}},"14":{"start":{"line":22,"column":4},"end":{"line":22,"column":27}},"15":{"start":{"line":23,"column":4},"end":{"line":23,"column":18}},"16":{"start":{"line":25,"column":4},"end":{"line":25,"column":21}},"17":{"start":{"line":26,"column":4},"end":{"line":26,"column":76}},"18":{"start":{"line":7,"column":13},"end":{"line":7,"column":25}}},"fnMap":{"0":{"name":"(anonymous_8)","decl":{"start":{"line":7,"column":25},"end":{"line":7,"column":null}},"loc":{"start":{"line":11,"column":4},"end":{"line":28,"column":2}}},"1":{"name":"(anonymous_9)","decl":{"start":{"line":11,"column":4},"end":{"line":11,"column":null}},"loc":{"start":{"line":11,"column":4},"end":{"line":28,"column":1}}}},"branchMap":{"0":{"loc":{"start":{"line":15,"column":4},"end":{"line":15,"column":51}},"type":"if","locations":[{"start":{"line":15,"column":4},"end":{"line":15,"column":51}},{"start":{"line":15,"column":4},"end":{"line":15,"column":51}}]},"1":{"loc":{"start":{"line":20,"column":4},"end":{"line":20,"column":50}},"type":"if","locations":[{"start":{"line":20,"column":4},"end":{"line":20,"column":50}},{"start":{"line":20,"column":4},"end":{"line":20,"column":50}}]}},"s":{"0":1,"1":1,"2":1,"3":1,"4":1,"5":0,"6":0,"7":0,"8":0,"9":0,"10":0,"11":0,"12":0,"13":0,"14":0,"15":0,"16":0,"17":0,"18":1},"f":{"0":0,"1":0},"b":{"0":[0,0],"1":[0,0]}}
,"C:\\coding\\fullstack\\reddit-clone\\api\\src\\utils\\globalError.ts": {"path":"C:\\coding\\fullstack\\reddit-clone\\api\\src\\utils\\globalError.ts","statementMap":{"0":{"start":{"line":10,"column":2},"end":{"line":10,"column":19}},"1":{"start":{"line":11,"column":2},"end":{"line":11,"column":39}},"2":{"start":{"line":4,"column":0},"end":{"line":4,"column":24}}},"fnMap":{"0":{"name":"globalError","decl":{"start":{"line":4,"column":24},"end":{"line":4,"column":35}},"loc":{"start":{"line":8,"column":20},"end":{"line":12,"column":1}}}},"branchMap":{},"s":{"0":0,"1":0,"2":1},"f":{"0":0},"b":{}}
,"C:\\coding\\fullstack\\reddit-clone\\api\\src\\utils\\helpers.ts": {"path":"C:\\coding\\fullstack\\reddit-clone\\api\\src\\utils\\helpers.ts","statementMap":{"0":{"start":{"line":2,"column":2},"end":{"line":2,"column":19}},"1":{"start":{"line":3,"column":2},"end":{"line":3,"column":26}},"2":{"start":{"line":6,"column":13},"end":{"line":6,"column":43}},"3":{"start":{"line":7,"column":11},"end":{"line":7,"column":41}},"4":{"start":{"line":8,"column":2},"end":{"line":10,"column":null}},"5":{"start":{"line":8,"column":15},"end":{"line":8,"column":16}},"6":{"start":{"line":8,"column":22},"end":{"line":8,"column":33}},"7":{"start":{"line":9,"column":4},"end":{"line":9,"column":69}},"8":{"start":{"line":12,"column":2},"end":{"line":18,"column":24}},"9":{"start":{"line":20,"column":2},"end":{"line":20,"column":13}},"10":{"start":{"line":1,"column":0},"end":{"line":1,"column":16}},"11":{"start":{"line":24,"column":15},"end":{"line":24,"column":17}},"12":{"start":{"line":26,"column":4},"end":{"line":26,"column":68}},"13":{"start":{"line":27,"column":27},"end":{"line":27,"column":44}},"14":{"start":{"line":28,"column":2},"end":{"line":32,"column":null}},"15":{"start":{"line":28,"column":15},"end":{"line":28,"column":16}},"16":{"start":{"line":29,"column":4},"end":{"line":31,"column":6}},"17":{"start":{"line":33,"column":2},"end":{"line":33,"column":25}},"18":{"start":{"line":23,"column":0},"end":{"line":23,"column":16}}},"fnMap":{"0":{"name":"slugify","decl":{"start":{"line":1,"column":16},"end":{"line":1,"column":23}},"loc":{"start":{"line":1,"column":35},"end":{"line":21,"column":1}}},"1":{"name":"makeid","decl":{"start":{"line":23,"column":16},"end":{"line":23,"column":22}},"loc":{"start":{"line":23,"column":37},"end":{"line":34,"column":1}}}},"branchMap":{},"s":{"0":0,"1":0,"2":0,"3":0,"4":0,"5":0,"6":0,"7":0,"8":0,"9":0,"10":1,"11":0,"12":0,"13":0,"14":0,"15":0,"16":0,"17":0,"18":1},"f":{"0":0,"1":0},"b":{}}
,"C:\\coding\\fullstack\\reddit-clone\\api\\src\\utils\\trim.ts": {"path":"C:\\coding\\fullstack\\reddit-clone\\api\\src\\utils\\trim.ts","statementMap":{"0":{"start":{"line":3,"column":0},"end":{"line":13,"column":2}},"1":{"start":{"line":4,"column":21},"end":{"line":4,"column":33}},"2":{"start":{"line":6,"column":2},"end":{"line":10,"column":5}},"3":{"start":{"line":7,"column":4},"end":{"line":9,"column":null}},"4":{"start":{"line":8,"column":6},"end":{"line":8,"column":43}},"5":{"start":{"line":12,"column":2},"end":{"line":12,"column":9}}},"fnMap":{"0":{"name":"(anonymous_0)","decl":{"start":{"line":3,"column":15},"end":{"line":3,"column":16}},"loc":{"start":{"line":3,"column":67},"end":{"line":13,"column":1}}},"1":{"name":"(anonymous_1)","decl":{"start":{"line":6,"column":32},"end":{"line":6,"column":33}},"loc":{"start":{"line":6,"column":40},"end":{"line":10,"column":3}}}},"branchMap":{"0":{"loc":{"start":{"line":7,"column":4},"end":{"line":9,"column":null}},"type":"if","locations":[{"start":{"line":7,"column":4},"end":{"line":9,"column":null}},{"start":{"line":7,"column":4},"end":{"line":9,"column":null}}]},"1":{"loc":{"start":{"line":7,"column":8},"end":{"line":7,"column":33}},"type":"binary-expr","locations":[{"start":{"line":7,"column":8},"end":{"line":7,"column":33}},{"start":{"line":7,"column":37},"end":{"line":7,"column":70}}]}},"s":{"0":1,"1":0,"2":0,"3":0,"4":0,"5":0},"f":{"0":0,"1":0},"b":{"0":[0,0],"1":[0,0]}}
}
